{
  "stats": {
    "suites": 12,
    "tests": 92,
    "passes": 92,
    "pending": 0,
    "failures": 0,
    "start": "2020-06-06T12:52:08.354Z",
    "end": "2020-06-06T12:52:08.354Z",
    "duration": 68599,
    "testsRegistered": 92,
    "passPercent": 100,
    "pendingPercent": 0,
    "other": 0,
    "hasOther": false,
    "skipped": 0,
    "hasSkipped": false
  },
  "results": [
    {
      "uuid": "781e2481-0eca-44ff-a668-474fbcf7e7b8",
      "title": "",
      "fullFile": "cypress/integration/Online-Portfolio/errorpages.js",
      "file": "cypress/integration/Online-Portfolio/errorpages.js",
      "beforeHooks": [],
      "afterHooks": [],
      "tests": [],
      "suites": [
        {
          "uuid": "a7e4de96-d9de-4849-a365-5b7dacd6b699",
          "title": "Error Page Tests",
          "fullFile": "",
          "file": "",
          "beforeHooks": [],
          "afterHooks": [],
          "tests": [
            {
              "title": "User goes to a 404 page when the user enters the wrong URL",
              "fullTitle": "Error Page Tests User goes to a 404 page when the user enters the wrong URL",
              "timedOut": null,
              "duration": 1012,
              "state": "passed",
              "speed": "slow",
              "pass": true,
              "fail": false,
              "pending": false,
              "context": null,
              "code": "cy.visit('http://localhost:8080/wrongurl', {\n  failOnStatusCode: false\n});\ncy.get('[data-cy=\"404\"]').should('be.visible');\ncy.get('[data-cy=\"cannotfind\"]').should('be.visible');\ncy.get('[data-cy=\"backhome\"]').should('be.visible');\ncy.percySnapshot('404');",
              "err": {},
              "uuid": "939e2b81-c140-48a4-9f7d-ac7a34ab6661",
              "parentUUID": "a7e4de96-d9de-4849-a365-5b7dacd6b699",
              "isHook": false,
              "skipped": false
            },
            {
              "title": "User goes to a 404 page then clicks on the Back Home button",
              "fullTitle": "Error Page Tests User goes to a 404 page then clicks on the Back Home button",
              "timedOut": null,
              "duration": 273,
              "state": "passed",
              "speed": "slow",
              "pass": true,
              "fail": false,
              "pending": false,
              "context": null,
              "code": "cy.visit('http://localhost:8080/wrongurl', {\n  failOnStatusCode: false\n});\ncy.get('[data-cy=\"404\"]').should('be.visible');\ncy.get('[data-cy=\"cannotfind\"]').should('be.visible');\ncy.get('[data-cy=\"backhome\"]').should('be.visible');\ncy.get('[data-cy=\"backhome\"]').click();\ncy.get('h1').as('title');\ncy.get('@title').contains('About Me');\ncy.get('@title').should('be.visible');",
              "err": {},
              "uuid": "681cbfc2-b693-4f74-8e05-16b83eb7ae6c",
              "parentUUID": "a7e4de96-d9de-4849-a365-5b7dacd6b699",
              "isHook": false,
              "skipped": false
            },
            {
              "title": "User goes to a 500 page and takes a screenshot",
              "fullTitle": "Error Page Tests User goes to a 500 page and takes a screenshot",
              "timedOut": null,
              "duration": 144,
              "state": "passed",
              "speed": "slow",
              "pass": true,
              "fail": false,
              "pending": false,
              "context": null,
              "code": "cy.visit('http://localhost:8080/500');\ncy.get('[data-cy=\"500\"]').should('be.visible');\ncy.get('[data-cy=\"servererror\"]').should('be.visible');\ncy.percySnapshot('500');",
              "err": {},
              "uuid": "a098ec31-94f4-4faf-8515-073ad9582561",
              "parentUUID": "a7e4de96-d9de-4849-a365-5b7dacd6b699",
              "isHook": false,
              "skipped": false
            }
          ],
          "suites": [],
          "passes": [
            "939e2b81-c140-48a4-9f7d-ac7a34ab6661",
            "681cbfc2-b693-4f74-8e05-16b83eb7ae6c",
            "a098ec31-94f4-4faf-8515-073ad9582561"
          ],
          "failures": [],
          "pending": [],
          "skipped": [],
          "duration": 1429,
          "root": false,
          "rootEmpty": false,
          "_timeout": 2000
        }
      ],
      "passes": [],
      "failures": [],
      "pending": [],
      "skipped": [],
      "duration": 0,
      "root": true,
      "rootEmpty": true,
      "_timeout": 2000
    },
    {
      "uuid": "c74bad99-cf37-44c4-8312-51d46546f543",
      "title": "",
      "fullFile": "cypress/integration/Online-Portfolio/footer.js",
      "file": "cypress/integration/Online-Portfolio/footer.js",
      "beforeHooks": [],
      "afterHooks": [],
      "tests": [],
      "suites": [
        {
          "uuid": "5b133a85-5bf9-4db2-b7c2-d314be264d08",
          "title": "Portfolio Footer tests",
          "fullFile": "",
          "file": "",
          "beforeHooks": [],
          "afterHooks": [],
          "tests": [
            {
              "title": "Check when the user clicks on the About Me link from the Work Page they go to the Home Page",
              "fullTitle": "Portfolio Footer tests Check when the user clicks on the About Me link from the Work Page they go to the Home Page",
              "timedOut": null,
              "duration": 868,
              "state": "passed",
              "speed": "slow",
              "pass": true,
              "fail": false,
              "pending": false,
              "context": null,
              "code": "cy.get('[data-cy=Work]').click();\ncy.url().should('include', '/work');\ncy.get('[data-cy=homeFooter]').click();\ncy.url().should('include', '/home');\ncy.get('h1').as('title');\ncy.get('@title').contains('About Me');\ncy.get('@title').should('be.visible');",
              "err": {},
              "uuid": "7bf3b81e-a76d-4aa7-a6ab-aa5ec09d3d74",
              "parentUUID": "5b133a85-5bf9-4db2-b7c2-d314be264d08",
              "isHook": false,
              "skipped": false
            },
            {
              "title": "Check when the user clicks on the Work link they go to the Work Page",
              "fullTitle": "Portfolio Footer tests Check when the user clicks on the Work link they go to the Work Page",
              "timedOut": null,
              "duration": 218,
              "state": "passed",
              "speed": "slow",
              "pass": true,
              "fail": false,
              "pending": false,
              "context": null,
              "code": "cy.get('[data-cy=workFooter]').click();\ncy.url().should('include', '/work');\ncy.get('h1').as('title');\ncy.get('@title').contains('Work');\ncy.get('@title').should('be.visible');",
              "err": {},
              "uuid": "802b348b-a4eb-40d8-b8f8-572241a78bb4",
              "parentUUID": "5b133a85-5bf9-4db2-b7c2-d314be264d08",
              "isHook": false,
              "skipped": false
            },
            {
              "title": "Check when the user clicks on the Qantas Insurance link they go to the Qantas Insurance Page",
              "fullTitle": "Portfolio Footer tests Check when the user clicks on the Qantas Insurance link they go to the Qantas Insurance Page",
              "timedOut": null,
              "duration": 189,
              "state": "passed",
              "speed": "slow",
              "pass": true,
              "fail": false,
              "pending": false,
              "context": null,
              "code": "cy.get('[data-cy=qantasinsuranceFooter]').click();\ncy.url().should('include', '/qantasinsurance');\ncy.get('h1').as('title');\ncy.get('@title').contains('Qantas Insurance');\ncy.get('@title').should('be.visible');",
              "err": {},
              "uuid": "d3af70e9-6799-4854-bf65-a0420bf3cb04",
              "parentUUID": "5b133a85-5bf9-4db2-b7c2-d314be264d08",
              "isHook": false,
              "skipped": false
            },
            {
              "title": "Check when the user clicks on the Qantas Airline link they go to the Qantas Airline Page",
              "fullTitle": "Portfolio Footer tests Check when the user clicks on the Qantas Airline link they go to the Qantas Airline Page",
              "timedOut": null,
              "duration": 183,
              "state": "passed",
              "speed": "slow",
              "pass": true,
              "fail": false,
              "pending": false,
              "context": null,
              "code": "cy.get('[data-cy=qantasairlineFooter]').click();\ncy.url().should('include', '/qantasairline');\ncy.get('h1').as('title');\ncy.get('@title').contains('Qantas Airline');\ncy.get('@title').should('be.visible');",
              "err": {},
              "uuid": "0af021c2-3af4-4613-aca3-fca067476ae8",
              "parentUUID": "5b133a85-5bf9-4db2-b7c2-d314be264d08",
              "isHook": false,
              "skipped": false
            },
            {
              "title": "Check when the user clicks on the Qantas Loyalty link they go to the Qantas Loyalty Page",
              "fullTitle": "Portfolio Footer tests Check when the user clicks on the Qantas Loyalty link they go to the Qantas Loyalty Page",
              "timedOut": null,
              "duration": 2382,
              "state": "passed",
              "speed": "slow",
              "pass": true,
              "fail": false,
              "pending": false,
              "context": null,
              "code": "cy.get('[data-cy=qantasloyaltyFooter]').click();\ncy.url().should('include', '/qantasloyalty');\ncy.get('h1').as('title');\ncy.get('@title').contains('Qantas Loyalty');\ncy.get('@title').should('be.visible');",
              "err": {},
              "uuid": "22898cf4-f022-4c2b-8306-5fae14cdadf9",
              "parentUUID": "5b133a85-5bf9-4db2-b7c2-d314be264d08",
              "isHook": false,
              "skipped": false
            },
            {
              "title": "Check when the user clicks on the Lorica Health link they go to the Lorica Health Page",
              "fullTitle": "Portfolio Footer tests Check when the user clicks on the Lorica Health link they go to the Lorica Health Page",
              "timedOut": null,
              "duration": 220,
              "state": "passed",
              "speed": "slow",
              "pass": true,
              "fail": false,
              "pending": false,
              "context": null,
              "code": "cy.get('[data-cy=loricaFooter]').click();\ncy.url().should('include', '/lorica-health');\ncy.get('h1').as('title');\ncy.get('@title').contains('Lorica Health');\ncy.get('@title').should('be.visible');",
              "err": {},
              "uuid": "c0624ed0-2f80-4aa3-b164-ac913bc13b6d",
              "parentUUID": "5b133a85-5bf9-4db2-b7c2-d314be264d08",
              "isHook": false,
              "skipped": false
            },
            {
              "title": "Check when the user clicks on the Suncorp link they go to the Suncorp Page",
              "fullTitle": "Portfolio Footer tests Check when the user clicks on the Suncorp link they go to the Suncorp Page",
              "timedOut": null,
              "duration": 177,
              "state": "passed",
              "speed": "slow",
              "pass": true,
              "fail": false,
              "pending": false,
              "context": null,
              "code": "cy.get('[data-cy=suncorpFooter]').click();\ncy.url().should('include', '/suncorp');\ncy.get('h1').as('title');\ncy.get('@title').contains('Suncorp');\ncy.get('@title').should('be.visible');",
              "err": {},
              "uuid": "4e53ad8d-7b78-42bd-aa7b-41a676866fc4",
              "parentUUID": "5b133a85-5bf9-4db2-b7c2-d314be264d08",
              "isHook": false,
              "skipped": false
            },
            {
              "title": "Check when the user clicks on the Wired2Cloud link they go to the Wired2Cloud Page",
              "fullTitle": "Portfolio Footer tests Check when the user clicks on the Wired2Cloud link they go to the Wired2Cloud Page",
              "timedOut": null,
              "duration": 1667,
              "state": "passed",
              "speed": "slow",
              "pass": true,
              "fail": false,
              "pending": false,
              "context": null,
              "code": "cy.get('[data-cy=wired2cloudFooter]').click();\ncy.url().should('include', '/wired2cloud');\ncy.get('h1').as('title');\ncy.get('@title').contains('Wired2Cloud');\ncy.get('@title').should('be.visible');",
              "err": {},
              "uuid": "4afa59a2-0b5b-424e-9cb2-b21c5f5d4c0a",
              "parentUUID": "5b133a85-5bf9-4db2-b7c2-d314be264d08",
              "isHook": false,
              "skipped": false
            },
            {
              "title": "Check when the user clicks on the SIRC link they go to the SIRC Page",
              "fullTitle": "Portfolio Footer tests Check when the user clicks on the SIRC link they go to the SIRC Page",
              "timedOut": null,
              "duration": 1719,
              "state": "passed",
              "speed": "slow",
              "pass": true,
              "fail": false,
              "pending": false,
              "context": null,
              "code": "cy.get('[data-cy=sircFooter]').click();\ncy.url().should('include', '/sirc');\ncy.get('h1').as('title');\ncy.get('@title').contains('SIRC');\ncy.get('@title').should('be.visible');",
              "err": {},
              "uuid": "ebacee60-bc60-4fe7-859c-b18c15f4895a",
              "parentUUID": "5b133a85-5bf9-4db2-b7c2-d314be264d08",
              "isHook": false,
              "skipped": false
            },
            {
              "title": "Check when the user clicks on the Covata link they go to the Covata Page",
              "fullTitle": "Portfolio Footer tests Check when the user clicks on the Covata link they go to the Covata Page",
              "timedOut": null,
              "duration": 220,
              "state": "passed",
              "speed": "slow",
              "pass": true,
              "fail": false,
              "pending": false,
              "context": null,
              "code": "cy.get('[data-cy=covataFooter]').click();\ncy.url().should('include', '/covata');\ncy.get('h1').as('title');\ncy.get('@title').contains('Covata');\ncy.get('@title').should('be.visible');",
              "err": {},
              "uuid": "6b8990a8-00da-498e-89f5-7b74b6a2cc15",
              "parentUUID": "5b133a85-5bf9-4db2-b7c2-d314be264d08",
              "isHook": false,
              "skipped": false
            },
            {
              "title": "Check when the user clicks on the CareerVentures link they go to the CareerVentures Page",
              "fullTitle": "Portfolio Footer tests Check when the user clicks on the CareerVentures link they go to the CareerVentures Page",
              "timedOut": null,
              "duration": 1272,
              "state": "passed",
              "speed": "slow",
              "pass": true,
              "fail": false,
              "pending": false,
              "context": null,
              "code": "cy.get('[data-cy=careerventuresFooter]').click();\ncy.url().should('include', '/careerventures');\ncy.get('h1').as('title');\ncy.get('@title').contains('CareerVentures');\ncy.get('@title').should('be.visible');",
              "err": {},
              "uuid": "bfd3f1a1-9584-4c9d-9f16-c5323cbf2679",
              "parentUUID": "5b133a85-5bf9-4db2-b7c2-d314be264d08",
              "isHook": false,
              "skipped": false
            },
            {
              "title": "Check when the user clicks on the AIE Rumble Academy link they go to the AIE Rumble Academy Page",
              "fullTitle": "Portfolio Footer tests Check when the user clicks on the AIE Rumble Academy link they go to the AIE Rumble Academy Page",
              "timedOut": null,
              "duration": 1313,
              "state": "passed",
              "speed": "slow",
              "pass": true,
              "fail": false,
              "pending": false,
              "context": null,
              "code": "cy.get('[data-cy=aieFooter]').click();\ncy.url().should('include', '/aie-rumble-academy');\ncy.get('h1').as('title');\ncy.get('@title').contains('AIE Rumble Academy');\ncy.get('@title').should('be.visible');",
              "err": {},
              "uuid": "65fdf65e-873e-4117-9b84-1499ec0d9828",
              "parentUUID": "5b133a85-5bf9-4db2-b7c2-d314be264d08",
              "isHook": false,
              "skipped": false
            },
            {
              "title": "Check when the user clicks on the Kartel Digital link they go to the Kartel Digital Page",
              "fullTitle": "Portfolio Footer tests Check when the user clicks on the Kartel Digital link they go to the Kartel Digital Page",
              "timedOut": null,
              "duration": 1319,
              "state": "passed",
              "speed": "slow",
              "pass": true,
              "fail": false,
              "pending": false,
              "context": null,
              "code": "cy.get('[data-cy=kartelFooter]').click();\ncy.url().should('include', '/kartel-digital');\ncy.get('h1').as('title');\ncy.get('@title').contains('Kartel Digital');\ncy.get('@title').should('be.visible');",
              "err": {},
              "uuid": "07d1b744-ca1f-4da9-93be-785568a3f7c1",
              "parentUUID": "5b133a85-5bf9-4db2-b7c2-d314be264d08",
              "isHook": false,
              "skipped": false
            },
            {
              "title": "Check when the user clicks on the Play2Lead link they go to the Play2Lead Page",
              "fullTitle": "Portfolio Footer tests Check when the user clicks on the Play2Lead link they go to the Play2Lead Page",
              "timedOut": null,
              "duration": 1633,
              "state": "passed",
              "speed": "slow",
              "pass": true,
              "fail": false,
              "pending": false,
              "context": null,
              "code": "cy.get('[data-cy=playFooter]').click();\ncy.url().should('include', '/play2lead');\ncy.get('h1').as('title');\ncy.get('@title').contains('Play2Lead');\ncy.get('@title').should('be.visible');",
              "err": {},
              "uuid": "197885aa-196f-4d12-b49f-6c8c61c95b9a",
              "parentUUID": "5b133a85-5bf9-4db2-b7c2-d314be264d08",
              "isHook": false,
              "skipped": false
            },
            {
              "title": "Check when the user clicks on the Projects link they go to the Projects Page",
              "fullTitle": "Portfolio Footer tests Check when the user clicks on the Projects link they go to the Projects Page",
              "timedOut": null,
              "duration": 254,
              "state": "passed",
              "speed": "slow",
              "pass": true,
              "fail": false,
              "pending": false,
              "context": null,
              "code": "cy.get('[data-cy=projectsFooter]').click();\ncy.url().should('include', '/projects');\ncy.get('h1').as('title');\ncy.get('@title').contains('Projects');\ncy.get('@title').should('be.visible');",
              "err": {},
              "uuid": "f434a332-cde9-4bc6-b005-2f6aa0f4ae63",
              "parentUUID": "5b133a85-5bf9-4db2-b7c2-d314be264d08",
              "isHook": false,
              "skipped": false
            },
            {
              "title": "Check when the user clicks on the CI Cypress link they go to the CI Cypress Page",
              "fullTitle": "Portfolio Footer tests Check when the user clicks on the CI Cypress link they go to the CI Cypress Page",
              "timedOut": null,
              "duration": 1324,
              "state": "passed",
              "speed": "slow",
              "pass": true,
              "fail": false,
              "pending": false,
              "context": null,
              "code": "cy.get('[data-cy=ciFooter]').click();\ncy.url().should('include', '/ci-cypress');\ncy.get('h1').as('title');\ncy.get('@title').contains('CI Cypress Project');\ncy.get('@title').should('be.visible');",
              "err": {},
              "uuid": "dab728ec-d5e9-4d1f-9c6d-ed7d38e6137b",
              "parentUUID": "5b133a85-5bf9-4db2-b7c2-d314be264d08",
              "isHook": false,
              "skipped": false
            },
            {
              "title": "Check when the user clicks on the RGB Colour Guessing Game link they go to the RGB Colour Guessing Game Page",
              "fullTitle": "Portfolio Footer tests Check when the user clicks on the RGB Colour Guessing Game link they go to the RGB Colour Guessing Game Page",
              "timedOut": null,
              "duration": 1464,
              "state": "passed",
              "speed": "slow",
              "pass": true,
              "fail": false,
              "pending": false,
              "context": null,
              "code": "cy.get('[data-cy=rgbFooter]').click();\ncy.url().should('include', '/rgb-colour-guessing-game');\ncy.get('h1').as('title');\ncy.get('@title').contains('RGB Colour Guessing Game');\ncy.get('@title').should('be.visible');",
              "err": {},
              "uuid": "3bf9ecd8-392a-49aa-80e8-5b9b0d9b393a",
              "parentUUID": "5b133a85-5bf9-4db2-b7c2-d314be264d08",
              "isHook": false,
              "skipped": false
            },
            {
              "title": "Check when the user clicks on the Patatap Clone link they go to the Patatap Clone Page",
              "fullTitle": "Portfolio Footer tests Check when the user clicks on the Patatap Clone link they go to the Patatap Clone Page",
              "timedOut": null,
              "duration": 216,
              "state": "passed",
              "speed": "slow",
              "pass": true,
              "fail": false,
              "pending": false,
              "context": null,
              "code": "cy.get('[data-cy=patatapFooter]').click();\ncy.url().should('include', '/patatap-clone');\ncy.get('h1').as('title');\ncy.get('@title').contains('Patatap Clone');\ncy.get('@title').should('be.visible');",
              "err": {},
              "uuid": "57c8035f-29cf-4b0a-b693-90ba48a53059",
              "parentUUID": "5b133a85-5bf9-4db2-b7c2-d314be264d08",
              "isHook": false,
              "skipped": false
            },
            {
              "title": "Check when the user clicks on the Photo Board link they go to the Photo Board Page",
              "fullTitle": "Portfolio Footer tests Check when the user clicks on the Photo Board link they go to the Photo Board Page",
              "timedOut": null,
              "duration": 170,
              "state": "passed",
              "speed": "slow",
              "pass": true,
              "fail": false,
              "pending": false,
              "context": null,
              "code": "cy.get('[data-cy=photoFooter]').click();\ncy.url().should('include', '/photo-board');\ncy.get('h1').as('title');\ncy.get('@title').contains('Photo Board');\ncy.get('@title').should('be.visible');",
              "err": {},
              "uuid": "5727a689-5aa2-48cd-9750-cce52dd32d5b",
              "parentUUID": "5b133a85-5bf9-4db2-b7c2-d314be264d08",
              "isHook": false,
              "skipped": false
            },
            {
              "title": "Check when the user clicks on the Image Gallery link they go to the Image Gallery Page",
              "fullTitle": "Portfolio Footer tests Check when the user clicks on the Image Gallery link they go to the Image Gallery Page",
              "timedOut": null,
              "duration": 204,
              "state": "passed",
              "speed": "slow",
              "pass": true,
              "fail": false,
              "pending": false,
              "context": null,
              "code": "cy.get('[data-cy=imageFooter]').click();\ncy.url().should('include', '/image-gallery');\ncy.get('h1').as('title');\ncy.get('@title').contains('Image Gallery');\ncy.get('@title').should('be.visible');",
              "err": {},
              "uuid": "a22f6df9-9ea2-415c-8338-a266252d81ae",
              "parentUUID": "5b133a85-5bf9-4db2-b7c2-d314be264d08",
              "isHook": false,
              "skipped": false
            },
            {
              "title": "Check when the user clicks on the RAW APP link they go to the RAW APP Page",
              "fullTitle": "Portfolio Footer tests Check when the user clicks on the RAW APP link they go to the RAW APP Page",
              "timedOut": null,
              "duration": 1316,
              "state": "passed",
              "speed": "slow",
              "pass": true,
              "fail": false,
              "pending": false,
              "context": null,
              "code": "cy.get('[data-cy=rawFooter]').click();\ncy.url().should('include', '/raw-app');\ncy.get('h1').as('title');\ncy.get('@title').contains('RAW APP');\ncy.get('@title').should('be.visible');",
              "err": {},
              "uuid": "68b9cefe-2e3f-462e-afe6-f62463a41f61",
              "parentUUID": "5b133a85-5bf9-4db2-b7c2-d314be264d08",
              "isHook": false,
              "skipped": false
            },
            {
              "title": "Check when the user clicks on the Test Case Glass Cup link they go to the Test Case Glass Cup Page",
              "fullTitle": "Portfolio Footer tests Check when the user clicks on the Test Case Glass Cup link they go to the Test Case Glass Cup Page",
              "timedOut": null,
              "duration": 214,
              "state": "passed",
              "speed": "slow",
              "pass": true,
              "fail": false,
              "pending": false,
              "context": null,
              "code": "cy.get('[data-cy=glassFooter]').click();\ncy.url().should('include', '/glass-cup');\ncy.get('h1').as('title');\ncy.get('@title').contains('Test Case Glass Cup');\ncy.get('@title').should('be.visible');",
              "err": {},
              "uuid": "f96aa959-e083-4afa-a4a2-cbe93310c023",
              "parentUUID": "5b133a85-5bf9-4db2-b7c2-d314be264d08",
              "isHook": false,
              "skipped": false
            },
            {
              "title": "Check when the user clicks on the Blog link they go to the Blog Page",
              "fullTitle": "Portfolio Footer tests Check when the user clicks on the Blog link they go to the Blog Page",
              "timedOut": null,
              "duration": 186,
              "state": "passed",
              "speed": "slow",
              "pass": true,
              "fail": false,
              "pending": false,
              "context": null,
              "code": "cy.get('[data-cy=blogFooter]').click();\ncy.url().should('include', '/blog');\ncy.get('h1').as('title');\ncy.get('@title').contains('Blog');\ncy.get('@title').should('be.visible');",
              "err": {},
              "uuid": "f3f83fb4-f284-4c76-bac9-2e2a8f1c31a9",
              "parentUUID": "5b133a85-5bf9-4db2-b7c2-d314be264d08",
              "isHook": false,
              "skipped": false
            },
            {
              "title": "Check when the user clicks on the What a Product Owner Wants from a Junior Tester link they go to the What a Product Owner Wants from a Junior Tester Page",
              "fullTitle": "Portfolio Footer tests Check when the user clicks on the What a Product Owner Wants from a Junior Tester link they go to the What a Product Owner Wants from a Junior Tester Page",
              "timedOut": null,
              "duration": 1684,
              "state": "passed",
              "speed": "slow",
              "pass": true,
              "fail": false,
              "pending": false,
              "context": null,
              "code": "cy.get('[data-cy=wapowfajtFooter]').click();\ncy.url().should('include', '/what-a-product-owner-wants-from-a-junior-tester');\ncy.get('h1').as('title');\ncy.get('@title').contains('What a Product Owner Wants from a Junior Tester');\ncy.get('@title').should('be.visible');",
              "err": {},
              "uuid": "e870b00c-26c7-4aa4-8593-0b80df929aba",
              "parentUUID": "5b133a85-5bf9-4db2-b7c2-d314be264d08",
              "isHook": false,
              "skipped": false
            },
            {
              "title": "Check when the user clicks on the My Testing Story link they go to the My Testing Story Page",
              "fullTitle": "Portfolio Footer tests Check when the user clicks on the My Testing Story link they go to the My Testing Story Page",
              "timedOut": null,
              "duration": 1712,
              "state": "passed",
              "speed": "slow",
              "pass": true,
              "fail": false,
              "pending": false,
              "context": null,
              "code": "cy.get('[data-cy=storyFooter]').click();\ncy.url().should('include', '/my-testing-story');\ncy.get('h1').as('title');\ncy.get('@title').contains('My Testing Story');\ncy.get('@title').should('be.visible');",
              "err": {},
              "uuid": "5a50f4d5-e63f-458e-8296-d0f4528b134d",
              "parentUUID": "5b133a85-5bf9-4db2-b7c2-d314be264d08",
              "isHook": false,
              "skipped": false
            },
            {
              "title": "Check when the user clicks on the Portfolio Resources link they go to the Portfolio Resources Page",
              "fullTitle": "Portfolio Footer tests Check when the user clicks on the Portfolio Resources link they go to the Portfolio Resources Page",
              "timedOut": null,
              "duration": 239,
              "state": "passed",
              "speed": "slow",
              "pass": true,
              "fail": false,
              "pending": false,
              "context": null,
              "code": "cy.get('[data-cy=resourcesFooter]').click();\ncy.url().should('include', '/resources');\ncy.get('h1').as('title');\ncy.get('@title').contains('Portfolio Resources');\ncy.get('@title').should('be.visible');",
              "err": {},
              "uuid": "7bd0734c-56f6-492e-8692-a633babc0f24",
              "parentUUID": "5b133a85-5bf9-4db2-b7c2-d314be264d08",
              "isHook": false,
              "skipped": false
            },
            {
              "title": "Check when the user clicks on the Contact Me link they go to the Contact Me Page",
              "fullTitle": "Portfolio Footer tests Check when the user clicks on the Contact Me link they go to the Contact Me Page",
              "timedOut": null,
              "duration": 182,
              "state": "passed",
              "speed": "slow",
              "pass": true,
              "fail": false,
              "pending": false,
              "context": null,
              "code": "cy.get('[data-cy=contactFooter]').click();\ncy.url().should('include', '/contact');\ncy.get('h1').as('title');\ncy.get('@title').contains('Contact Me');\ncy.get('@title').should('be.visible');",
              "err": {},
              "uuid": "c00fc496-62bf-4369-81c9-850d77aac332",
              "parentUUID": "5b133a85-5bf9-4db2-b7c2-d314be264d08",
              "isHook": false,
              "skipped": false
            }
          ],
          "suites": [],
          "passes": [
            "7bf3b81e-a76d-4aa7-a6ab-aa5ec09d3d74",
            "802b348b-a4eb-40d8-b8f8-572241a78bb4",
            "d3af70e9-6799-4854-bf65-a0420bf3cb04",
            "0af021c2-3af4-4613-aca3-fca067476ae8",
            "22898cf4-f022-4c2b-8306-5fae14cdadf9",
            "c0624ed0-2f80-4aa3-b164-ac913bc13b6d",
            "4e53ad8d-7b78-42bd-aa7b-41a676866fc4",
            "4afa59a2-0b5b-424e-9cb2-b21c5f5d4c0a",
            "ebacee60-bc60-4fe7-859c-b18c15f4895a",
            "6b8990a8-00da-498e-89f5-7b74b6a2cc15",
            "bfd3f1a1-9584-4c9d-9f16-c5323cbf2679",
            "65fdf65e-873e-4117-9b84-1499ec0d9828",
            "07d1b744-ca1f-4da9-93be-785568a3f7c1",
            "197885aa-196f-4d12-b49f-6c8c61c95b9a",
            "f434a332-cde9-4bc6-b005-2f6aa0f4ae63",
            "dab728ec-d5e9-4d1f-9c6d-ed7d38e6137b",
            "3bf9ecd8-392a-49aa-80e8-5b9b0d9b393a",
            "57c8035f-29cf-4b0a-b693-90ba48a53059",
            "5727a689-5aa2-48cd-9750-cce52dd32d5b",
            "a22f6df9-9ea2-415c-8338-a266252d81ae",
            "68b9cefe-2e3f-462e-afe6-f62463a41f61",
            "f96aa959-e083-4afa-a4a2-cbe93310c023",
            "f3f83fb4-f284-4c76-bac9-2e2a8f1c31a9",
            "e870b00c-26c7-4aa4-8593-0b80df929aba",
            "5a50f4d5-e63f-458e-8296-d0f4528b134d",
            "7bd0734c-56f6-492e-8692-a633babc0f24",
            "c00fc496-62bf-4369-81c9-850d77aac332"
          ],
          "failures": [],
          "pending": [],
          "skipped": [],
          "duration": 22545,
          "root": false,
          "rootEmpty": false,
          "_timeout": 2000
        }
      ],
      "passes": [],
      "failures": [],
      "pending": [],
      "skipped": [],
      "duration": 0,
      "root": true,
      "rootEmpty": true,
      "_timeout": 2000
    },
    {
      "uuid": "bab19370-076e-47a9-a1c8-ec7499c26a03",
      "title": "",
      "fullFile": "cypress/integration/Online-Portfolio/home.js",
      "file": "cypress/integration/Online-Portfolio/home.js",
      "beforeHooks": [],
      "afterHooks": [],
      "tests": [],
      "suites": [
        {
          "uuid": "b2ed0fc0-eed3-4a00-8f26-3246b2bfb66b",
          "title": "Portfolio Home Page Tests",
          "fullFile": "",
          "file": "",
          "beforeHooks": [],
          "afterHooks": [],
          "tests": [
            {
              "title": "Check that the title on the home page says About Me",
              "fullTitle": "Portfolio Home Page Tests Check that the title on the home page says About Me",
              "timedOut": null,
              "duration": 535,
              "state": "passed",
              "speed": "slow",
              "pass": true,
              "fail": false,
              "pending": false,
              "context": null,
              "code": "cy.get('h1').as('title');\ncy.get('@title').contains('About Me');\ncy.get('@title').should('be.visible');",
              "err": {},
              "uuid": "efe1841a-0e73-47f9-91a6-956d0d04c498",
              "parentUUID": "b2ed0fc0-eed3-4a00-8f26-3246b2bfb66b",
              "isHook": false,
              "skipped": false
            },
            {
              "title": "Check that the Resume link is correct",
              "fullTitle": "Portfolio Home Page Tests Check that the Resume link is correct",
              "timedOut": null,
              "duration": 111,
              "state": "passed",
              "speed": "slow",
              "pass": true,
              "fail": false,
              "pending": false,
              "context": null,
              "code": "cy.get('[data-cy=Resume]').should('be.visible');\ncy.get('[data-cy=Resume]').should('have.attr', 'href').and('include', '/docs/Resume.pdf');",
              "err": {},
              "uuid": "953390c4-81f9-416c-a354-f6ffac279cb2",
              "parentUUID": "b2ed0fc0-eed3-4a00-8f26-3246b2bfb66b",
              "isHook": false,
              "skipped": false
            },
            {
              "title": "Check that the Work link is going to the Work webpage",
              "fullTitle": "Portfolio Home Page Tests Check that the Work link is going to the Work webpage",
              "timedOut": null,
              "duration": 194,
              "state": "passed",
              "speed": "slow",
              "pass": true,
              "fail": false,
              "pending": false,
              "context": null,
              "code": "cy.get('[data-cy=Worklink]').should('be.visible');\ncy.get('[data-cy=Worklink]').click();\ncy.url().should('include', '/work');",
              "err": {},
              "uuid": "85717be9-fb68-42e5-8380-4fd42525781b",
              "parentUUID": "b2ed0fc0-eed3-4a00-8f26-3246b2bfb66b",
              "isHook": false,
              "skipped": false
            },
            {
              "title": "Check that the link to the Github repo is correct",
              "fullTitle": "Portfolio Home Page Tests Check that the link to the Github repo is correct",
              "timedOut": null,
              "duration": 99,
              "state": "passed",
              "speed": "slow",
              "pass": true,
              "fail": false,
              "pending": false,
              "context": null,
              "code": "cy.get('[data-cy=Portfolio]').should('be.visible');\ncy.get('[data-cy=Portfolio]').should('have.attr', 'href').and('include', 'https://github.com/Dhaigh94/Online-Portfolio');",
              "err": {},
              "uuid": "cf6c2e80-7b26-4a0f-8243-18683e5d2532",
              "parentUUID": "b2ed0fc0-eed3-4a00-8f26-3246b2bfb66b",
              "isHook": false,
              "skipped": false
            },
            {
              "title": "Take a snapshot of the Home Page",
              "fullTitle": "Portfolio Home Page Tests Take a snapshot of the Home Page",
              "timedOut": null,
              "duration": 106,
              "state": "passed",
              "speed": "slow",
              "pass": true,
              "fail": false,
              "pending": false,
              "context": null,
              "code": "cy.percySnapshot('Home');",
              "err": {},
              "uuid": "50b9cbc2-4593-461a-a256-038bc01ee7b3",
              "parentUUID": "b2ed0fc0-eed3-4a00-8f26-3246b2bfb66b",
              "isHook": false,
              "skipped": false
            }
          ],
          "suites": [],
          "passes": [
            "efe1841a-0e73-47f9-91a6-956d0d04c498",
            "953390c4-81f9-416c-a354-f6ffac279cb2",
            "85717be9-fb68-42e5-8380-4fd42525781b",
            "cf6c2e80-7b26-4a0f-8243-18683e5d2532",
            "50b9cbc2-4593-461a-a256-038bc01ee7b3"
          ],
          "failures": [],
          "pending": [],
          "skipped": [],
          "duration": 1045,
          "root": false,
          "rootEmpty": false,
          "_timeout": 2000
        }
      ],
      "passes": [],
      "failures": [],
      "pending": [],
      "skipped": [],
      "duration": 0,
      "root": true,
      "rootEmpty": true,
      "_timeout": 2000
    },
    {
      "uuid": "0978a5d6-9591-48db-b0aa-920f5f973f27",
      "title": "",
      "fullFile": "cypress/integration/Online-Portfolio/navbartests/navbar.js",
      "file": "cypress/integration/Online-Portfolio/navbartests/navbar.js",
      "beforeHooks": [],
      "afterHooks": [],
      "tests": [],
      "suites": [
        {
          "uuid": "5a7413ae-0a5f-4d5e-9ddc-04a3b080a7bf",
          "title": "Portfolio Navbar Tests",
          "fullFile": "",
          "file": "",
          "beforeHooks": [],
          "afterHooks": [],
          "tests": [
            {
              "title": "Check that the Work link on the Navbar goes to the Work page",
              "fullTitle": "Portfolio Navbar Tests Check that the Work link on the Navbar goes to the Work page",
              "timedOut": null,
              "duration": 670,
              "state": "passed",
              "speed": "slow",
              "pass": true,
              "fail": false,
              "pending": false,
              "context": null,
              "code": "cy.get('[data-cy=Work]').click();\ncy.url().should('include', '/work');\ncy.percySnapshot('Work');",
              "err": {},
              "uuid": "09a1336b-be4e-4631-933c-73fca15f3bfd",
              "parentUUID": "5a7413ae-0a5f-4d5e-9ddc-04a3b080a7bf",
              "isHook": false,
              "skipped": false
            },
            {
              "title": "Check that the Home link on the Navbar goes to the Home page by clicking it from a another page",
              "fullTitle": "Portfolio Navbar Tests Check that the Home link on the Navbar goes to the Home page by clicking it from a another page",
              "timedOut": null,
              "duration": 300,
              "state": "passed",
              "speed": "slow",
              "pass": true,
              "fail": false,
              "pending": false,
              "context": null,
              "code": "cy.get('[data-cy=Work]').click();\ncy.url().should('include', '/work');\ncy.get('[data-cy=Home]').click();\ncy.url().should('include', '/home');",
              "err": {},
              "uuid": "0575cfb0-3ca5-4ef4-94d2-bf3bbe411b08",
              "parentUUID": "5a7413ae-0a5f-4d5e-9ddc-04a3b080a7bf",
              "isHook": false,
              "skipped": false
            },
            {
              "title": "Check that the Projects link on the Navbar goes to the Projects page",
              "fullTitle": "Portfolio Navbar Tests Check that the Projects link on the Navbar goes to the Projects page",
              "timedOut": null,
              "duration": 463,
              "state": "passed",
              "speed": "slow",
              "pass": true,
              "fail": false,
              "pending": false,
              "context": null,
              "code": "cy.get('[data-cy=Projects]').click();\ncy.url().should('include', '/projects');\ncy.percySnapshot('Projects');",
              "err": {},
              "uuid": "22f3d4bb-378c-4706-b58e-dd79d32ab25f",
              "parentUUID": "5a7413ae-0a5f-4d5e-9ddc-04a3b080a7bf",
              "isHook": false,
              "skipped": false
            },
            {
              "title": "Check that the Blog link on the Navbar goes to the Blog page",
              "fullTitle": "Portfolio Navbar Tests Check that the Blog link on the Navbar goes to the Blog page",
              "timedOut": null,
              "duration": 244,
              "state": "passed",
              "speed": "slow",
              "pass": true,
              "fail": false,
              "pending": false,
              "context": null,
              "code": "cy.get('[data-cy=Blog]').click();\ncy.url().should('include', '/blog');\ncy.percySnapshot('Blog');",
              "err": {},
              "uuid": "a256a079-bdfe-423d-b4ab-97a3acb66b9a",
              "parentUUID": "5a7413ae-0a5f-4d5e-9ddc-04a3b080a7bf",
              "isHook": false,
              "skipped": false
            },
            {
              "title": "Check that the Resources link on the Navbar goes to the Resources page",
              "fullTitle": "Portfolio Navbar Tests Check that the Resources link on the Navbar goes to the Resources page",
              "timedOut": null,
              "duration": 206,
              "state": "passed",
              "speed": "slow",
              "pass": true,
              "fail": false,
              "pending": false,
              "context": null,
              "code": "cy.get('[data-cy=Resources]').click();\ncy.url().should('include', '/resources');\ncy.get('[data-cy=resourcesgallery]').should('be.visible');\ncy.percySnapshot('Resources');",
              "err": {},
              "uuid": "25cceee6-b931-45ad-a9e3-4f99407181e3",
              "parentUUID": "5a7413ae-0a5f-4d5e-9ddc-04a3b080a7bf",
              "isHook": false,
              "skipped": false
            },
            {
              "title": "Check that the Contact link on the Navbar goes to the Contact page",
              "fullTitle": "Portfolio Navbar Tests Check that the Contact link on the Navbar goes to the Contact page",
              "timedOut": null,
              "duration": 202,
              "state": "passed",
              "speed": "slow",
              "pass": true,
              "fail": false,
              "pending": false,
              "context": null,
              "code": "cy.get('[data-cy=Contact]').click();\ncy.url().should('include', '/contact');\ncy.percySnapshot('Contact');",
              "err": {},
              "uuid": "64cf8a46-518c-46ed-8219-7d348b971837",
              "parentUUID": "5a7413ae-0a5f-4d5e-9ddc-04a3b080a7bf",
              "isHook": false,
              "skipped": false
            }
          ],
          "suites": [],
          "passes": [
            "09a1336b-be4e-4631-933c-73fca15f3bfd",
            "0575cfb0-3ca5-4ef4-94d2-bf3bbe411b08",
            "22f3d4bb-378c-4706-b58e-dd79d32ab25f",
            "a256a079-bdfe-423d-b4ab-97a3acb66b9a",
            "25cceee6-b931-45ad-a9e3-4f99407181e3",
            "64cf8a46-518c-46ed-8219-7d348b971837"
          ],
          "failures": [],
          "pending": [],
          "skipped": [],
          "duration": 2085,
          "root": false,
          "rootEmpty": false,
          "_timeout": 2000
        }
      ],
      "passes": [],
      "failures": [],
      "pending": [],
      "skipped": [],
      "duration": 0,
      "root": true,
      "rootEmpty": true,
      "_timeout": 2000
    },
    {
      "uuid": "4d7ea031-e9fc-472e-ae1a-2fa7a5e946a4",
      "title": "",
      "fullFile": "cypress/integration/Online-Portfolio/navbartests/navbaripadlandscape.js",
      "file": "cypress/integration/Online-Portfolio/navbartests/navbaripadlandscape.js",
      "beforeHooks": [],
      "afterHooks": [],
      "tests": [],
      "suites": [
        {
          "uuid": "82d11bdc-8f6c-4a5d-b687-8e3aed939125",
          "title": "Portfolio Navbar Tests for iPad Landscape",
          "fullFile": "",
          "file": "",
          "beforeHooks": [],
          "afterHooks": [],
          "tests": [
            {
              "title": "Check that the Work link on the Navbar goes to the Work page",
              "fullTitle": "Portfolio Navbar Tests for iPad Landscape Check that the Work link on the Navbar goes to the Work page",
              "timedOut": null,
              "duration": 1143,
              "state": "passed",
              "speed": "slow",
              "pass": true,
              "fail": false,
              "pending": false,
              "context": null,
              "code": "cy.get('[data-cy=Work]').click();\ncy.url().should('include', '/work');",
              "err": {},
              "uuid": "29590952-c00c-4b12-ae03-8b53559a7538",
              "parentUUID": "82d11bdc-8f6c-4a5d-b687-8e3aed939125",
              "isHook": false,
              "skipped": false
            },
            {
              "title": "Check that the Home link on the Navbar goes to the Home page by clicking it from a another page",
              "fullTitle": "Portfolio Navbar Tests for iPad Landscape Check that the Home link on the Navbar goes to the Home page by clicking it from a another page",
              "timedOut": null,
              "duration": 260,
              "state": "passed",
              "speed": "slow",
              "pass": true,
              "fail": false,
              "pending": false,
              "context": null,
              "code": "cy.get('[data-cy=Work]').click();\ncy.url().should('include', '/work');\ncy.get('[data-cy=Home]').click();\ncy.url().should('include', '/home');",
              "err": {},
              "uuid": "46fa79d6-1362-4baf-8378-19df226f91ea",
              "parentUUID": "82d11bdc-8f6c-4a5d-b687-8e3aed939125",
              "isHook": false,
              "skipped": false
            },
            {
              "title": "Check that the Projects link on the Navbar goes to the Projects page",
              "fullTitle": "Portfolio Navbar Tests for iPad Landscape Check that the Projects link on the Navbar goes to the Projects page",
              "timedOut": null,
              "duration": 393,
              "state": "passed",
              "speed": "slow",
              "pass": true,
              "fail": false,
              "pending": false,
              "context": null,
              "code": "cy.get('[data-cy=Projects]').click();\ncy.url().should('include', '/projects');",
              "err": {},
              "uuid": "4ffca880-7d81-4ffc-89e2-fd4ab12d04a8",
              "parentUUID": "82d11bdc-8f6c-4a5d-b687-8e3aed939125",
              "isHook": false,
              "skipped": false
            },
            {
              "title": "Check that the Blog link on the Navbar goes to the Blog page",
              "fullTitle": "Portfolio Navbar Tests for iPad Landscape Check that the Blog link on the Navbar goes to the Blog page",
              "timedOut": null,
              "duration": 268,
              "state": "passed",
              "speed": "slow",
              "pass": true,
              "fail": false,
              "pending": false,
              "context": null,
              "code": "cy.get('[data-cy=Blog]').click();\ncy.url().should('include', '/blog');",
              "err": {},
              "uuid": "d58cfd66-7d3d-4046-9128-d303afef6f2e",
              "parentUUID": "82d11bdc-8f6c-4a5d-b687-8e3aed939125",
              "isHook": false,
              "skipped": false
            },
            {
              "title": "Check that the Resources link on the Navbar goes to the Resources page",
              "fullTitle": "Portfolio Navbar Tests for iPad Landscape Check that the Resources link on the Navbar goes to the Resources page",
              "timedOut": null,
              "duration": 190,
              "state": "passed",
              "speed": "slow",
              "pass": true,
              "fail": false,
              "pending": false,
              "context": null,
              "code": "cy.get('[data-cy=Resources]').click();\ncy.url().should('include', '/resources');\ncy.get('[data-cy=resourcesgallery]').should('be.visible');",
              "err": {},
              "uuid": "04d9d118-f762-4223-903b-614b8d090ad6",
              "parentUUID": "82d11bdc-8f6c-4a5d-b687-8e3aed939125",
              "isHook": false,
              "skipped": false
            },
            {
              "title": "Check that the Contact link on the Navbar goes to the Contact page",
              "fullTitle": "Portfolio Navbar Tests for iPad Landscape Check that the Contact link on the Navbar goes to the Contact page",
              "timedOut": null,
              "duration": 203,
              "state": "passed",
              "speed": "slow",
              "pass": true,
              "fail": false,
              "pending": false,
              "context": null,
              "code": "cy.get('[data-cy=Contact]').click();\ncy.url().should('include', '/contact');",
              "err": {},
              "uuid": "3d3460f5-b3a8-46b0-b8c3-0a443efe9ede",
              "parentUUID": "82d11bdc-8f6c-4a5d-b687-8e3aed939125",
              "isHook": false,
              "skipped": false
            }
          ],
          "suites": [],
          "passes": [
            "29590952-c00c-4b12-ae03-8b53559a7538",
            "46fa79d6-1362-4baf-8378-19df226f91ea",
            "4ffca880-7d81-4ffc-89e2-fd4ab12d04a8",
            "d58cfd66-7d3d-4046-9128-d303afef6f2e",
            "04d9d118-f762-4223-903b-614b8d090ad6",
            "3d3460f5-b3a8-46b0-b8c3-0a443efe9ede"
          ],
          "failures": [],
          "pending": [],
          "skipped": [],
          "duration": 2457,
          "root": false,
          "rootEmpty": false,
          "_timeout": 2000
        }
      ],
      "passes": [],
      "failures": [],
      "pending": [],
      "skipped": [],
      "duration": 0,
      "root": true,
      "rootEmpty": true,
      "_timeout": 2000
    },
    {
      "uuid": "1a449a94-8dbc-42c7-8e22-6eb750e3886b",
      "title": "",
      "fullFile": "cypress/integration/Online-Portfolio/navbartests/navbaripadportrait.js",
      "file": "cypress/integration/Online-Portfolio/navbartests/navbaripadportrait.js",
      "beforeHooks": [],
      "afterHooks": [],
      "tests": [],
      "suites": [
        {
          "uuid": "2afbb437-a6d7-4132-a758-2261f962ae11",
          "title": "Portfolio Navbar Tests for iPad Portrait",
          "fullFile": "",
          "file": "",
          "beforeHooks": [],
          "afterHooks": [],
          "tests": [
            {
              "title": "Check that the Work link on the Navbar goes to the Work page",
              "fullTitle": "Portfolio Navbar Tests for iPad Portrait Check that the Work link on the Navbar goes to the Work page",
              "timedOut": null,
              "duration": 726,
              "state": "passed",
              "speed": "slow",
              "pass": true,
              "fail": false,
              "pending": false,
              "context": null,
              "code": "cy.get('[data-cy=Hamburger]').click();\ncy.get('[data-cy=Work]').click();\ncy.url().should('include', '/work');",
              "err": {},
              "uuid": "19ed9897-1cea-450e-bbed-cf4337869fd2",
              "parentUUID": "2afbb437-a6d7-4132-a758-2261f962ae11",
              "isHook": false,
              "skipped": false
            },
            {
              "title": "Check that the Home link on the Navbar goes to the Home page by clicking it from a another page",
              "fullTitle": "Portfolio Navbar Tests for iPad Portrait Check that the Home link on the Navbar goes to the Home page by clicking it from a another page",
              "timedOut": null,
              "duration": 429,
              "state": "passed",
              "speed": "slow",
              "pass": true,
              "fail": false,
              "pending": false,
              "context": null,
              "code": "cy.get('[data-cy=Hamburger]').click();\ncy.get('[data-cy=Work]').click();\ncy.url().should('include', '/work');\ncy.get('[data-cy=Hamburger]').click();\ncy.get('[data-cy=Home]').click();\ncy.url().should('include', '/home');",
              "err": {},
              "uuid": "6848bed0-8290-4767-8031-047ea42c8bbf",
              "parentUUID": "2afbb437-a6d7-4132-a758-2261f962ae11",
              "isHook": false,
              "skipped": false
            },
            {
              "title": "Check that the Projects link on the Navbar goes to the Projects page",
              "fullTitle": "Portfolio Navbar Tests for iPad Portrait Check that the Projects link on the Navbar goes to the Projects page",
              "timedOut": null,
              "duration": 536,
              "state": "passed",
              "speed": "slow",
              "pass": true,
              "fail": false,
              "pending": false,
              "context": null,
              "code": "cy.get('[data-cy=Hamburger]').click();\ncy.get('[data-cy=Projects]').click();\ncy.url().should('include', '/projects');",
              "err": {},
              "uuid": "260d6081-94ab-42d5-8890-79f237e4cdaa",
              "parentUUID": "2afbb437-a6d7-4132-a758-2261f962ae11",
              "isHook": false,
              "skipped": false
            },
            {
              "title": "Check that the Blog link on the Navbar goes to the Blog page",
              "fullTitle": "Portfolio Navbar Tests for iPad Portrait Check that the Blog link on the Navbar goes to the Blog page",
              "timedOut": null,
              "duration": 342,
              "state": "passed",
              "speed": "slow",
              "pass": true,
              "fail": false,
              "pending": false,
              "context": null,
              "code": "cy.get('[data-cy=Hamburger]').click();\ncy.get('[data-cy=Blog]').click();\ncy.url().should('include', '/blog');",
              "err": {},
              "uuid": "96f55247-3a6d-4da9-99d4-85d11dad606d",
              "parentUUID": "2afbb437-a6d7-4132-a758-2261f962ae11",
              "isHook": false,
              "skipped": false
            },
            {
              "title": "Check that the Resources link on the Navbar goes to the Resources page",
              "fullTitle": "Portfolio Navbar Tests for iPad Portrait Check that the Resources link on the Navbar goes to the Resources page",
              "timedOut": null,
              "duration": 281,
              "state": "passed",
              "speed": "slow",
              "pass": true,
              "fail": false,
              "pending": false,
              "context": null,
              "code": "cy.get('[data-cy=Hamburger]').click();\ncy.get('[data-cy=Resources]').click();\ncy.url().should('include', '/resources');\ncy.get('[data-cy=resourcesgallery]').should('be.visible');",
              "err": {},
              "uuid": "6788f7f0-77c3-4916-81c0-f0a1fd7e65dc",
              "parentUUID": "2afbb437-a6d7-4132-a758-2261f962ae11",
              "isHook": false,
              "skipped": false
            },
            {
              "title": "Check that the Contact link on the Navbar goes to the Contact page",
              "fullTitle": "Portfolio Navbar Tests for iPad Portrait Check that the Contact link on the Navbar goes to the Contact page",
              "timedOut": null,
              "duration": 482,
              "state": "passed",
              "speed": "slow",
              "pass": true,
              "fail": false,
              "pending": false,
              "context": null,
              "code": "cy.get('[data-cy=Hamburger]').click();\ncy.get('[data-cy=Contact]').click();\ncy.url().should('include', '/contact');",
              "err": {},
              "uuid": "208f392c-6ef6-41bc-acc7-64aa80eede02",
              "parentUUID": "2afbb437-a6d7-4132-a758-2261f962ae11",
              "isHook": false,
              "skipped": false
            }
          ],
          "suites": [],
          "passes": [
            "19ed9897-1cea-450e-bbed-cf4337869fd2",
            "6848bed0-8290-4767-8031-047ea42c8bbf",
            "260d6081-94ab-42d5-8890-79f237e4cdaa",
            "96f55247-3a6d-4da9-99d4-85d11dad606d",
            "6788f7f0-77c3-4916-81c0-f0a1fd7e65dc",
            "208f392c-6ef6-41bc-acc7-64aa80eede02"
          ],
          "failures": [],
          "pending": [],
          "skipped": [],
          "duration": 2796,
          "root": false,
          "rootEmpty": false,
          "_timeout": 2000
        }
      ],
      "passes": [],
      "failures": [],
      "pending": [],
      "skipped": [],
      "duration": 0,
      "root": true,
      "rootEmpty": true,
      "_timeout": 2000
    },
    {
      "uuid": "aeb59ee0-097e-4a55-952c-0189f6e5697a",
      "title": "",
      "fullFile": "cypress/integration/Online-Portfolio/navbartests/navbarmobilelandscape.js",
      "file": "cypress/integration/Online-Portfolio/navbartests/navbarmobilelandscape.js",
      "beforeHooks": [],
      "afterHooks": [],
      "tests": [],
      "suites": [
        {
          "uuid": "39c829ca-1a1b-491c-be1f-f16a15dd1525",
          "title": "Portfolio Navbar Tests for Mobile Landscape",
          "fullFile": "",
          "file": "",
          "beforeHooks": [],
          "afterHooks": [],
          "tests": [
            {
              "title": "Check that the Work link on the Navbar goes to the Work page",
              "fullTitle": "Portfolio Navbar Tests for Mobile Landscape Check that the Work link on the Navbar goes to the Work page",
              "timedOut": null,
              "duration": 774,
              "state": "passed",
              "speed": "slow",
              "pass": true,
              "fail": false,
              "pending": false,
              "context": null,
              "code": "cy.get('[data-cy=Hamburger]').click();\ncy.get('[data-cy=Work]').click();\ncy.url().should('include', '/work');",
              "err": {},
              "uuid": "f08aa566-d780-4626-87c1-c75de560b452",
              "parentUUID": "39c829ca-1a1b-491c-be1f-f16a15dd1525",
              "isHook": false,
              "skipped": false
            },
            {
              "title": "Check that the Home link on the Navbar goes to the Home page by clicking it from a another page",
              "fullTitle": "Portfolio Navbar Tests for Mobile Landscape Check that the Home link on the Navbar goes to the Home page by clicking it from a another page",
              "timedOut": null,
              "duration": 459,
              "state": "passed",
              "speed": "slow",
              "pass": true,
              "fail": false,
              "pending": false,
              "context": null,
              "code": "cy.get('[data-cy=Hamburger]').click();\ncy.get('[data-cy=Work]').click();\ncy.url().should('include', '/work');\ncy.get('[data-cy=Hamburger]').click();\ncy.get('[data-cy=Home]').click();\ncy.url().should('include', '/home');",
              "err": {},
              "uuid": "6906fb12-bf47-4ff0-94f6-a46573c4b91a",
              "parentUUID": "39c829ca-1a1b-491c-be1f-f16a15dd1525",
              "isHook": false,
              "skipped": false
            },
            {
              "title": "Check that the Projects link on the Navbar goes to the Projects page",
              "fullTitle": "Portfolio Navbar Tests for Mobile Landscape Check that the Projects link on the Navbar goes to the Projects page",
              "timedOut": null,
              "duration": 325,
              "state": "passed",
              "speed": "slow",
              "pass": true,
              "fail": false,
              "pending": false,
              "context": null,
              "code": "cy.get('[data-cy=Hamburger]').click();\ncy.get('[data-cy=Projects]').click();\ncy.url().should('include', '/projects');",
              "err": {},
              "uuid": "a6f45e79-39cc-4891-879a-0337c3f488f6",
              "parentUUID": "39c829ca-1a1b-491c-be1f-f16a15dd1525",
              "isHook": false,
              "skipped": false
            },
            {
              "title": "Check that the Blog link on the Navbar goes to the Blog page",
              "fullTitle": "Portfolio Navbar Tests for Mobile Landscape Check that the Blog link on the Navbar goes to the Blog page",
              "timedOut": null,
              "duration": 300,
              "state": "passed",
              "speed": "slow",
              "pass": true,
              "fail": false,
              "pending": false,
              "context": null,
              "code": "cy.get('[data-cy=Hamburger]').click();\ncy.get('[data-cy=Blog]').click();\ncy.url().should('include', '/blog');",
              "err": {},
              "uuid": "69f52671-ad65-4299-8b97-2e68c440bae1",
              "parentUUID": "39c829ca-1a1b-491c-be1f-f16a15dd1525",
              "isHook": false,
              "skipped": false
            },
            {
              "title": "Check that the Resources link on the Navbar goes to the Resources page",
              "fullTitle": "Portfolio Navbar Tests for Mobile Landscape Check that the Resources link on the Navbar goes to the Resources page",
              "timedOut": null,
              "duration": 270,
              "state": "passed",
              "speed": "slow",
              "pass": true,
              "fail": false,
              "pending": false,
              "context": null,
              "code": "cy.get('[data-cy=Hamburger]').click();\ncy.get('[data-cy=Resources]').click();\ncy.url().should('include', '/resources');\ncy.get('[data-cy=resourcesgallery]').should('be.visible');",
              "err": {},
              "uuid": "a9fe7dd8-24e9-40cb-bfcb-0dd6e99b3b43",
              "parentUUID": "39c829ca-1a1b-491c-be1f-f16a15dd1525",
              "isHook": false,
              "skipped": false
            },
            {
              "title": "Check that the Contact link on the Navbar goes to the Contact page",
              "fullTitle": "Portfolio Navbar Tests for Mobile Landscape Check that the Contact link on the Navbar goes to the Contact page",
              "timedOut": null,
              "duration": 438,
              "state": "passed",
              "speed": "slow",
              "pass": true,
              "fail": false,
              "pending": false,
              "context": null,
              "code": "cy.get('[data-cy=Hamburger]').click();\ncy.get('[data-cy=Contact]').click();\ncy.url().should('include', '/contact');",
              "err": {},
              "uuid": "e949e02f-faa4-4bb2-85dd-970e57462c16",
              "parentUUID": "39c829ca-1a1b-491c-be1f-f16a15dd1525",
              "isHook": false,
              "skipped": false
            }
          ],
          "suites": [],
          "passes": [
            "f08aa566-d780-4626-87c1-c75de560b452",
            "6906fb12-bf47-4ff0-94f6-a46573c4b91a",
            "a6f45e79-39cc-4891-879a-0337c3f488f6",
            "69f52671-ad65-4299-8b97-2e68c440bae1",
            "a9fe7dd8-24e9-40cb-bfcb-0dd6e99b3b43",
            "e949e02f-faa4-4bb2-85dd-970e57462c16"
          ],
          "failures": [],
          "pending": [],
          "skipped": [],
          "duration": 2566,
          "root": false,
          "rootEmpty": false,
          "_timeout": 2000
        }
      ],
      "passes": [],
      "failures": [],
      "pending": [],
      "skipped": [],
      "duration": 0,
      "root": true,
      "rootEmpty": true,
      "_timeout": 2000
    },
    {
      "uuid": "fc280627-a1c7-4df5-838f-107c16819a81",
      "title": "",
      "fullFile": "cypress/integration/Online-Portfolio/navbartests/navbarmobileportrait.js",
      "file": "cypress/integration/Online-Portfolio/navbartests/navbarmobileportrait.js",
      "beforeHooks": [],
      "afterHooks": [],
      "tests": [],
      "suites": [
        {
          "uuid": "511333bd-48f7-4106-81c3-4c8680ba8e8a",
          "title": "Portfolio Navbar Tests for Mobile Portrait",
          "fullFile": "",
          "file": "",
          "beforeHooks": [],
          "afterHooks": [],
          "tests": [
            {
              "title": "Check that the Work link on the Navbar goes to the Work page",
              "fullTitle": "Portfolio Navbar Tests for Mobile Portrait Check that the Work link on the Navbar goes to the Work page",
              "timedOut": null,
              "duration": 824,
              "state": "passed",
              "speed": "slow",
              "pass": true,
              "fail": false,
              "pending": false,
              "context": null,
              "code": "cy.get('[data-cy=Hamburger]').click();\ncy.get('[data-cy=Work]').click();\ncy.url().should('include', '/work');",
              "err": {},
              "uuid": "ef47d618-e516-44ef-8384-f3b147d924df",
              "parentUUID": "511333bd-48f7-4106-81c3-4c8680ba8e8a",
              "isHook": false,
              "skipped": false
            },
            {
              "title": "Check that the Home link on the Navbar goes to the Home page by clicking it from a another page",
              "fullTitle": "Portfolio Navbar Tests for Mobile Portrait Check that the Home link on the Navbar goes to the Home page by clicking it from a another page",
              "timedOut": null,
              "duration": 430,
              "state": "passed",
              "speed": "slow",
              "pass": true,
              "fail": false,
              "pending": false,
              "context": null,
              "code": "cy.get('[data-cy=Hamburger]').click();\ncy.get('[data-cy=Work]').click();\ncy.url().should('include', '/work');\ncy.get('[data-cy=Hamburger]').click();\ncy.get('[data-cy=Home]').click();\ncy.url().should('include', '/home');",
              "err": {},
              "uuid": "4cf55655-f9c1-4abf-bab4-608c8c5a4b9d",
              "parentUUID": "511333bd-48f7-4106-81c3-4c8680ba8e8a",
              "isHook": false,
              "skipped": false
            },
            {
              "title": "Check that the Projects link on the Navbar goes to the Projects page",
              "fullTitle": "Portfolio Navbar Tests for Mobile Portrait Check that the Projects link on the Navbar goes to the Projects page",
              "timedOut": null,
              "duration": 292,
              "state": "passed",
              "speed": "slow",
              "pass": true,
              "fail": false,
              "pending": false,
              "context": null,
              "code": "cy.get('[data-cy=Hamburger]').click();\ncy.get('[data-cy=Projects]').click();\ncy.url().should('include', '/projects');",
              "err": {},
              "uuid": "28cf4e17-5a43-4e06-afc7-8794c532d3ea",
              "parentUUID": "511333bd-48f7-4106-81c3-4c8680ba8e8a",
              "isHook": false,
              "skipped": false
            },
            {
              "title": "Check that the Blog link on the Navbar goes to the Blog page",
              "fullTitle": "Portfolio Navbar Tests for Mobile Portrait Check that the Blog link on the Navbar goes to the Blog page",
              "timedOut": null,
              "duration": 284,
              "state": "passed",
              "speed": "slow",
              "pass": true,
              "fail": false,
              "pending": false,
              "context": null,
              "code": "cy.get('[data-cy=Hamburger]').click();\ncy.get('[data-cy=Blog]').click();\ncy.url().should('include', '/blog');",
              "err": {},
              "uuid": "ddad7df6-b187-4c3b-a266-90d7436ad739",
              "parentUUID": "511333bd-48f7-4106-81c3-4c8680ba8e8a",
              "isHook": false,
              "skipped": false
            },
            {
              "title": "Check that the Resources link on the Navbar goes to the Resources page",
              "fullTitle": "Portfolio Navbar Tests for Mobile Portrait Check that the Resources link on the Navbar goes to the Resources page",
              "timedOut": null,
              "duration": 274,
              "state": "passed",
              "speed": "slow",
              "pass": true,
              "fail": false,
              "pending": false,
              "context": null,
              "code": "cy.get('[data-cy=Hamburger]').click();\ncy.get('[data-cy=Resources]').click();\ncy.url().should('include', '/resources');\ncy.get('[data-cy=resourcesgallery]').should('be.visible');",
              "err": {},
              "uuid": "4fdffa3f-b8fe-4f76-b9db-d42245bf24ad",
              "parentUUID": "511333bd-48f7-4106-81c3-4c8680ba8e8a",
              "isHook": false,
              "skipped": false
            },
            {
              "title": "Check that the Contact link on the Navbar goes to the Contact page",
              "fullTitle": "Portfolio Navbar Tests for Mobile Portrait Check that the Contact link on the Navbar goes to the Contact page",
              "timedOut": null,
              "duration": 445,
              "state": "passed",
              "speed": "slow",
              "pass": true,
              "fail": false,
              "pending": false,
              "context": null,
              "code": "cy.get('[data-cy=Hamburger]').click();\ncy.get('[data-cy=Contact]').click();\ncy.url().should('include', '/contact');",
              "err": {},
              "uuid": "77e58bee-720c-441a-ba80-afa79a3ea750",
              "parentUUID": "511333bd-48f7-4106-81c3-4c8680ba8e8a",
              "isHook": false,
              "skipped": false
            }
          ],
          "suites": [],
          "passes": [
            "ef47d618-e516-44ef-8384-f3b147d924df",
            "4cf55655-f9c1-4abf-bab4-608c8c5a4b9d",
            "28cf4e17-5a43-4e06-afc7-8794c532d3ea",
            "ddad7df6-b187-4c3b-a266-90d7436ad739",
            "4fdffa3f-b8fe-4f76-b9db-d42245bf24ad",
            "77e58bee-720c-441a-ba80-afa79a3ea750"
          ],
          "failures": [],
          "pending": [],
          "skipped": [],
          "duration": 2549,
          "root": false,
          "rootEmpty": false,
          "_timeout": 2000
        }
      ],
      "passes": [],
      "failures": [],
      "pending": [],
      "skipped": [],
      "duration": 0,
      "root": true,
      "rootEmpty": true,
      "_timeout": 2000
    },
    {
      "uuid": "48c95192-0d5d-493a-bd19-f8e02ffafbf6",
      "title": "",
      "fullFile": "cypress/integration/Online-Portfolio/projects.js",
      "file": "cypress/integration/Online-Portfolio/projects.js",
      "beforeHooks": [],
      "afterHooks": [],
      "tests": [],
      "suites": [
        {
          "uuid": "d8ba559d-1438-420c-9c87-80ef7a7f82f5",
          "title": "Portfolio Project tests",
          "fullFile": "",
          "file": "",
          "beforeHooks": [],
          "afterHooks": [],
          "tests": [
            {
              "title": "Check that the user can go to the CI Cypress page",
              "fullTitle": "Portfolio Project tests Check that the user can go to the CI Cypress page",
              "timedOut": null,
              "duration": 3615,
              "state": "passed",
              "speed": "slow",
              "pass": true,
              "fail": false,
              "pending": false,
              "context": null,
              "code": "cy.get('[data-cy=CIcypress]').click();\ncy.url().should('include', '/ci-cypress');\ncy.get('h1').as('title');\ncy.get('@title').contains('CI Cypress Project');\ncy.get('@title').should('be.visible');\ncy.percySnapshot('CI Cypress');",
              "err": {},
              "uuid": "93bf6cef-5bf3-4a1a-9e1f-0a9ad6028935",
              "parentUUID": "d8ba559d-1438-420c-9c87-80ef7a7f82f5",
              "isHook": false,
              "skipped": false
            },
            {
              "title": "Check that the user can go to the RGB Colour Game page",
              "fullTitle": "Portfolio Project tests Check that the user can go to the RGB Colour Game page",
              "timedOut": null,
              "duration": 1833,
              "state": "passed",
              "speed": "slow",
              "pass": true,
              "fail": false,
              "pending": false,
              "context": null,
              "code": "cy.get('[data-cy=RGB]').click();\ncy.url().should('include', '/rgb-colour-guessing-game');\ncy.get('h1').as('title');\ncy.get('@title').contains('RGB Colour Guessing Game');\ncy.get('@title').should('be.visible');\ncy.percySnapshot('RGB Colour Game');",
              "err": {},
              "uuid": "a46bc2c1-80d5-49e5-b77b-5c270f84eab1",
              "parentUUID": "d8ba559d-1438-420c-9c87-80ef7a7f82f5",
              "isHook": false,
              "skipped": false
            },
            {
              "title": "Check that the user can go to the Patatap Clone page",
              "fullTitle": "Portfolio Project tests Check that the user can go to the Patatap Clone page",
              "timedOut": null,
              "duration": 300,
              "state": "passed",
              "speed": "slow",
              "pass": true,
              "fail": false,
              "pending": false,
              "context": null,
              "code": "cy.get('[data-cy=Patatap]').click();\ncy.url().should('include', '/patatap-clone');\ncy.get('h1').as('title');\ncy.get('@title').contains('Patatap Clone');\ncy.get('@title').should('be.visible');\ncy.percySnapshot('Patatap Clone');",
              "err": {},
              "uuid": "0a3a31cb-ddcb-43a9-98ca-472ca9dde051",
              "parentUUID": "d8ba559d-1438-420c-9c87-80ef7a7f82f5",
              "isHook": false,
              "skipped": false
            },
            {
              "title": "Check that the user can go to the Photo Board page",
              "fullTitle": "Portfolio Project tests Check that the user can go to the Photo Board page",
              "timedOut": null,
              "duration": 289,
              "state": "passed",
              "speed": "slow",
              "pass": true,
              "fail": false,
              "pending": false,
              "context": null,
              "code": "cy.get('[data-cy=Photo]').click();\ncy.url().should('include', '/photo-board');\ncy.get('h1').as('title');\ncy.get('@title').contains('Photo Board');\ncy.get('@title').should('be.visible');\ncy.percySnapshot('Photo Board');",
              "err": {},
              "uuid": "1f711af2-81cc-41c7-a3a7-a17ac90b7d1e",
              "parentUUID": "d8ba559d-1438-420c-9c87-80ef7a7f82f5",
              "isHook": false,
              "skipped": false
            },
            {
              "title": "Check that the user can go to the Image Gallery page",
              "fullTitle": "Portfolio Project tests Check that the user can go to the Image Gallery page",
              "timedOut": null,
              "duration": 297,
              "state": "passed",
              "speed": "slow",
              "pass": true,
              "fail": false,
              "pending": false,
              "context": null,
              "code": "cy.get('[data-cy=Image]').click();\ncy.url().should('include', '/image-gallery');\ncy.get('h1').as('title');\ncy.get('@title').contains('Image Gallery');\ncy.get('@title').should('be.visible');\ncy.percySnapshot('Image Gallery');",
              "err": {},
              "uuid": "c9afe9c4-d1f0-4ce8-8821-a378e2658836",
              "parentUUID": "d8ba559d-1438-420c-9c87-80ef7a7f82f5",
              "isHook": false,
              "skipped": false
            },
            {
              "title": "Check that the user can go to the RAW APP page",
              "fullTitle": "Portfolio Project tests Check that the user can go to the RAW APP page",
              "timedOut": null,
              "duration": 1400,
              "state": "passed",
              "speed": "slow",
              "pass": true,
              "fail": false,
              "pending": false,
              "context": null,
              "code": "cy.get('[data-cy=RAW]').click();\ncy.url().should('include', '/raw-app');\ncy.get('h1').as('title');\ncy.get('@title').contains('RAW APP');\ncy.get('@title').should('be.visible');\ncy.percySnapshot('RAW APP');",
              "err": {},
              "uuid": "8396fa41-96b8-4be2-b41f-af57c6c7c094",
              "parentUUID": "d8ba559d-1438-420c-9c87-80ef7a7f82f5",
              "isHook": false,
              "skipped": false
            },
            {
              "title": "Check that the user can go to the Glass Cup page",
              "fullTitle": "Portfolio Project tests Check that the user can go to the Glass Cup page",
              "timedOut": null,
              "duration": 308,
              "state": "passed",
              "speed": "slow",
              "pass": true,
              "fail": false,
              "pending": false,
              "context": null,
              "code": "cy.get('[data-cy=Glass]').click();\ncy.url().should('include', '/glass-cup');\ncy.get('h1').as('title');\ncy.get('@title').contains('Test Case Glass Cup');\ncy.get('@title').should('be.visible');\ncy.percySnapshot('Test Case Glass Cup');",
              "err": {},
              "uuid": "21be57b3-af73-4c7a-9686-e284d0217f6b",
              "parentUUID": "d8ba559d-1438-420c-9c87-80ef7a7f82f5",
              "isHook": false,
              "skipped": false
            }
          ],
          "suites": [],
          "passes": [
            "93bf6cef-5bf3-4a1a-9e1f-0a9ad6028935",
            "a46bc2c1-80d5-49e5-b77b-5c270f84eab1",
            "0a3a31cb-ddcb-43a9-98ca-472ca9dde051",
            "1f711af2-81cc-41c7-a3a7-a17ac90b7d1e",
            "c9afe9c4-d1f0-4ce8-8821-a378e2658836",
            "8396fa41-96b8-4be2-b41f-af57c6c7c094",
            "21be57b3-af73-4c7a-9686-e284d0217f6b"
          ],
          "failures": [],
          "pending": [],
          "skipped": [],
          "duration": 8042,
          "root": false,
          "rootEmpty": false,
          "_timeout": 2000
        }
      ],
      "passes": [],
      "failures": [],
      "pending": [],
      "skipped": [],
      "duration": 0,
      "root": true,
      "rootEmpty": true,
      "_timeout": 2000
    },
    {
      "uuid": "1e324876-e43f-4f3c-8cfc-969d0676e738",
      "title": "",
      "fullFile": "cypress/integration/Online-Portfolio/socialmedia.js",
[...]
              "err": {},
              "uuid": "60c6fd2a-9d5a-4079-b1fb-18ace363ff2a",
              "parentUUID": "603e17ca-79d8-44e1-8355-170651cca96c",
              "isHook": false,
              "skipped": false
            },
            {
              "title": "Check that the Instagram Button link is correct",
              "fullTitle": "Portfolio Social Media tests Check that the Instagram Button link is correct",
              "timedOut": null,
              "duration": 90,
              "state": "passed",
              "speed": "slow",
              "pass": true,
              "fail": false,
              "pending": false,
              "context": null,
              "code": "cy.get('[data-cy=Instagram]').should('be.visible');\ncy.get('[data-cy=Instagram]').should('have.attr', 'href').and('include', 'https://www.instagram.com/bugdevildavid/');",
              "err": {},
              "uuid": "dff0abd9-ebf4-4416-adf1-cc831f4f6592",
              "parentUUID": "603e17ca-79d8-44e1-8355-170651cca96c",
              "isHook": false,
              "skipped": false
            },
            {
              "title": "Check that the Github Button link is correct",
              "fullTitle": "Portfolio Social Media tests Check that the Github Button link is correct",
              "timedOut": null,
              "duration": 94,
              "state": "passed",
              "speed": "slow",
              "pass": true,
              "fail": false,
              "pending": false,
              "context": null,
              "code": "cy.get('[data-cy=Github]').should('be.visible');\ncy.get('[data-cy=Github]').should('have.attr', 'href').and('include', 'https://github.com/Dhaigh94');",
              "err": {},
              "uuid": "dc5962a1-91ab-442c-9faf-ce2c460dc5c1",
              "parentUUID": "603e17ca-79d8-44e1-8355-170651cca96c",
              "isHook": false,
              "skipped": false
            },
            {
              "title": "Check that the Youtube Button link is correct",
              "fullTitle": "Portfolio Social Media tests Check that the Youtube Button link is correct",
              "timedOut": null,
              "duration": 121,
              "state": "passed",
              "speed": "slow",
              "pass": true,
              "fail": false,
              "pending": false,
              "context": null,
              "code": "cy.get('[data-cy=Youtube]').should('be.visible');\ncy.get('[data-cy=Youtube]').should('have.attr', 'href').and('include', 'https://www.youtube.com/channel/UCkJ0xOTmM3rXfSGj2xcsnLg');",
              "err": {},
              "uuid": "b0e449db-ccf9-4ae3-b060-119c13ffc6a9",
              "parentUUID": "603e17ca-79d8-44e1-8355-170651cca96c",
              "isHook": false,
              "skipped": false
            }
          ],
          "suites": [],
          "passes": [
            "a7aa5509-3e40-416c-9bf2-0f71c486750a",
            "b318d2e7-f9a5-49aa-a4a6-0f28f3e74e72",
            "60c6fd2a-9d5a-4079-b1fb-18ace363ff2a",
            "dff0abd9-ebf4-4416-adf1-cc831f4f6592",
            "dc5962a1-91ab-442c-9faf-ce2c460dc5c1",
            "b0e449db-ccf9-4ae3-b060-119c13ffc6a9"
          ],
          "failures": [],
          "pending": [],
          "skipped": [],
          "duration": 1169,
          "root": false,
          "rootEmpty": false,
          "_timeout": 2000
        }
      ],
      "passes": [],
      "failures": [],
      "pending": [],
      "skipped": [],
      "duration": 0,
      "root": true,
      "rootEmpty": true,
      "_timeout": 2000
    },
    {
      "uuid": "44e63d9f-9353-4d76-afcd-408a62fbac27",
      "title": "",
      "fullFile": "cypress/integration/Online-Portfolio/work.js",
      "file": "cypress/integration/Online-Portfolio/work.js",
      "beforeHooks": [],
      "afterHooks": [],
      "tests": [],
      "suites": [
        {
          "uuid": "0f1d9a84-17e0-43ba-8e83-6aab2248f1bd",
          "title": "Portfolio Work tests",
          "fullFile": "",
          "file": "",
          "beforeHooks": [],
          "afterHooks": [],
          "tests": [
            {
              "title": "Check that the user can go to the Qantas Insurance page",
              "fullTitle": "Portfolio Work tests Check that the user can go to the Qantas Insurance page",
              "timedOut": null,
              "duration": 1495,
              "state": "passed",
              "speed": "slow",
              "pass": true,
              "fail": false,
              "pending": false,
              "context": null,
              "code": "cy.get('[data-cy=Qinsurance]').click();\ncy.url().should('include', '/qantasinsurance');\ncy.get('h1').as('title');\ncy.get('@title').contains('Qantas Insurance');\ncy.get('@title').should('be.visible');\ncy.percySnapshot('QInsurance');",
              "err": {},
              "uuid": "794e515e-5348-4a54-ba69-689af7d06908",
              "parentUUID": "0f1d9a84-17e0-43ba-8e83-6aab2248f1bd",
              "isHook": false,
              "skipped": false
            },
            {
              "title": "Check that the user can go to the Qantas Airline page",
              "fullTitle": "Portfolio Work tests Check that the user can go to the Qantas Airline page",
              "timedOut": null,
              "duration": 271,
              "state": "passed",
              "speed": "slow",
              "pass": true,
              "fail": false,
              "pending": false,
              "context": null,
              "code": "cy.get('[data-cy=Qairline]').click();\ncy.url().should('include', '/qantasairline');\ncy.get('h1').as('title');\ncy.get('@title').contains('Qantas Airline');\ncy.get('@title').should('be.visible');\ncy.percySnapshot('QAirline');",
              "err": {},
              "uuid": "ca010006-8c0e-4a03-b5e9-ce8b2ef94dfc",
              "parentUUID": "0f1d9a84-17e0-43ba-8e83-6aab2248f1bd",
              "isHook": false,
              "skipped": false
            },
            {
              "title": "Check that the user can go to the Qantas Loyalty page",
              "fullTitle": "Portfolio Work tests Check that the user can go to the Qantas Loyalty page",
              "timedOut": null,
              "duration": 3363,
              "state": "passed",
              "speed": "slow",
              "pass": true,
              "fail": false,
              "pending": false,
              "context": null,
              "code": "cy.get('[data-cy=Qloyalty]').click();\ncy.url().should('include', '/qantasloyalty');\ncy.get('h1').as('title');\ncy.get('@title').contains('Qantas Loyalty');\ncy.get('@title').should('be.visible');\ncy.percySnapshot('QLoyalty');",
              "err": {},
              "uuid": "d841b4fc-eb68-4c14-abff-f547d67213eb",
              "parentUUID": "0f1d9a84-17e0-43ba-8e83-6aab2248f1bd",
              "isHook": false,
              "skipped": false
            },
            {
              "title": "Check that the user can go to the Lorica Health page",
              "fullTitle": "Portfolio Work tests Check that the user can go to the Lorica Health page",
              "timedOut": null,
              "duration": 318,
              "state": "passed",
              "speed": "slow",
              "pass": true,
              "fail": false,
              "pending": false,
              "context": null,
              "code": "cy.get('[data-cy=Lorica]').click();\ncy.url().should('include', '/lorica-health');\ncy.get('h1').as('title');\ncy.get('@title').contains('Lorica Health');\ncy.get('@title').should('be.visible');\ncy.percySnapshot('Lorica Health');",
              "err": {},
              "uuid": "5ac38387-7016-4c0e-8d2e-289784cfc520",
              "parentUUID": "0f1d9a84-17e0-43ba-8e83-6aab2248f1bd",
              "isHook": false,
              "skipped": false
            },
            {
              "title": "Check that the user can go to the Suncorp page",
              "fullTitle": "Portfolio Work tests Check that the user can go to the Suncorp page",
              "timedOut": null,
              "duration": 314,
              "state": "passed",
              "speed": "slow",
              "pass": true,
              "fail": false,
              "pending": false,
              "context": null,
              "code": "cy.get('[data-cy=Suncorp]').click();\ncy.url().should('include', '/suncorp');\ncy.get('h1').as('title');\ncy.get('@title').contains('Suncorp');\ncy.get('@title').should('be.visible');\ncy.percySnapshot('Suncorp');",
              "err": {},
              "uuid": "27fe4bea-1a56-4ed2-9ae0-ee2ec03b956c",
              "parentUUID": "0f1d9a84-17e0-43ba-8e83-6aab2248f1bd",
              "isHook": false,
              "skipped": false
            },
            {
              "title": "Check that the user can go to the Wired2Cloud page",
              "fullTitle": "Portfolio Work tests Check that the user can go to the Wired2Cloud page",
              "timedOut": null,
              "duration": 2144,
              "state": "passed",
              "speed": "slow",
              "pass": true,
              "fail": false,
              "pending": false,
              "context": null,
              "code": "cy.get('[data-cy=Wired2Cloud]').click();\ncy.url().should('include', '/wired2cloud');\ncy.get('h1').as('title');\ncy.get('@title').contains('Wired2Cloud');\ncy.get('@title').should('be.visible');\ncy.percySnapshot('Wired2Cloud');",
              "err": {},
              "uuid": "71995172-f796-43e8-9e4c-bf91b6e8b1f7",
              "parentUUID": "0f1d9a84-17e0-43ba-8e83-6aab2248f1bd",
              "isHook": false,
              "skipped": false
            },
            {
              "title": "Check that the user can go to the SIRC page",
              "fullTitle": "Portfolio Work tests Check that the user can go to the SIRC page",
              "timedOut": null,
              "duration": 1439,
              "state": "passed",
              "speed": "slow",
              "pass": true,
              "fail": false,
              "pending": false,
              "context": null,
              "code": "cy.get('[data-cy=SIRC]').click();\ncy.url().should('include', '/sirc');\ncy.get('h1').as('title');\ncy.get('@title').contains('SIRC');\ncy.get('@title').should('be.visible');\ncy.percySnapshot('SIRC');",
              "err": {},
              "uuid": "d3f3a76a-3038-413d-bce1-54a7b70338dd",
              "parentUUID": "0f1d9a84-17e0-43ba-8e83-6aab2248f1bd",
              "isHook": false,
              "skipped": false
            },
            {
              "title": "Check that the user can go to the Covata page",
              "fullTitle": "Portfolio Work tests Check that the user can go to the Covata page",
              "timedOut": null,
              "duration": 324,
              "state": "passed",
              "speed": "slow",
              "pass": true,
              "fail": false,
              "pending": false,
              "context": null,
              "code": "cy.get('[data-cy=Covata]').click();\ncy.url().should('include', '/covata');\ncy.get('h1').as('title');\ncy.get('@title').contains('Covata');\ncy.get('@title').should('be.visible');\ncy.percySnapshot('Covata');",
              "err": {},
              "uuid": "05433cc6-931b-486f-9a5c-cf1404b1fc20",
              "parentUUID": "0f1d9a84-17e0-43ba-8e83-6aab2248f1bd",
              "isHook": false,
              "skipped": false
            },
            {
              "title": "Check that the user can go to the CareerVentures page",
              "fullTitle": "Portfolio Work tests Check that the user can go to the CareerVentures page",
              "timedOut": null,
              "duration": 1360,
              "state": "passed",
              "speed": "slow",
              "pass": true,
              "fail": false,
              "pending": false,
              "context": null,
              "code": "cy.get('[data-cy=CareerVentures]').click();\ncy.url().should('include', '/careerventures');\ncy.get('h1').as('title');\ncy.get('@title').contains('CareerVentures');\ncy.get('@title').should('be.visible');\ncy.percySnapshot('CareerVentures');",
              "err": {},
              "uuid": "bcf1a4f5-ce83-418c-8079-8866497ac8dd",
              "parentUUID": "0f1d9a84-17e0-43ba-8e83-6aab2248f1bd",
              "isHook": false,
              "skipped": false
            },
            {
              "title": "Check that the user can go to the AIE Rumble Academy page",
              "fullTitle": "Portfolio Work tests Check that the user can go to the AIE Rumble Academy page",
              "timedOut": null,
              "duration": 1408,
              "state": "passed",
              "speed": "slow",
              "pass": true,
              "fail": false,
              "pending": false,
              "context": null,
              "code": "cy.get('[data-cy=AIE]').click();\ncy.url().should('include', '/aie-rumble-academy');\ncy.get('h1').as('title');\ncy.get('@title').contains('AIE Rumble Academy');\ncy.get('@title').should('be.visible');\ncy.percySnapshot('AIE');",
              "err": {},
              "uuid": "d6065d5c-d549-4dd8-a396-6f5ea6dff0d1",
              "parentUUID": "0f1d9a84-17e0-43ba-8e83-6aab2248f1bd",
              "isHook": false,
              "skipped": false
            },
            {
              "title": "Check that the user can go to the Kartel Digital page",
              "fullTitle": "Portfolio Work tests Check that the user can go to the Kartel Digital page",
              "timedOut": null,
              "duration": 1409,
              "state": "passed",
              "speed": "slow",
              "pass": true,
              "fail": false,
              "pending": false,
              "context": null,
              "code": "cy.get('[data-cy=Kartel]').click();\ncy.url().should('include', '/kartel-digital');\ncy.get('h1').as('title');\ncy.get('@title').contains('Kartel Digital');\ncy.get('@title').should('be.visible');\ncy.percySnapshot('Kartel Digital');",
              "err": {},
              "uuid": "f167f674-0b5d-4f40-966c-133c02915092",
              "parentUUID": "0f1d9a84-17e0-43ba-8e83-6aab2248f1bd",
              "isHook": false,
              "skipped": false
            },
            {
              "title": "Check that the user can go to the Play2Lead page",
              "fullTitle": "Portfolio Work tests Check that the user can go to the Play2Lead page",
              "timedOut": null,
              "duration": 1381,
              "state": "passed",
              "speed": "slow",
              "pass": true,
              "fail": false,
              "pending": false,
              "context": null,
              "code": "cy.get('[data-cy=Play2Lead]').click();\ncy.url().should('include', '/play2lead');\ncy.get('h1').as('title');\ncy.get('@title').contains('Play2Lead');\ncy.get('@title').should('be.visible');\ncy.percySnapshot('Play2Lead');",
              "err": {},
              "uuid": "11ea004a-28e0-4daf-9d17-740e47dae7b3",
              "parentUUID": "0f1d9a84-17e0-43ba-8e83-6aab2248f1bd",
              "isHook": false,
              "skipped": false
            }
          ],
          "suites": [],
          "passes": [
            "794e515e-5348-4a54-ba69-689af7d06908",
            "ca010006-8c0e-4a03-b5e9-ce8b2ef94dfc",
            "d841b4fc-eb68-4c14-abff-f547d67213eb",
            "5ac38387-7016-4c0e-8d2e-289784cfc520",
            "27fe4bea-1a56-4ed2-9ae0-ee2ec03b956c",
            "71995172-f796-43e8-9e4c-bf91b6e8b1f7",
            "d3f3a76a-3038-413d-bce1-54a7b70338dd",
            "05433cc6-931b-486f-9a5c-cf1404b1fc20",
            "bcf1a4f5-ce83-418c-8079-8866497ac8dd",
            "d6065d5c-d549-4dd8-a396-6f5ea6dff0d1",
            "f167f674-0b5d-4f40-966c-133c02915092",
            "11ea004a-28e0-4daf-9d17-740e47dae7b3"
          ],
          "failures": [],
          "pending": [],
          "skipped": [],
          "duration": 15226,
          "root": false,
          "rootEmpty": false,
          "_timeout": 2000
        }
      ],
      "passes": [],
      "failures": [],
      "pending": [],
      "skipped": [],
      "duration": 0,
      "root": true,
      "rootEmpty": true,
      "_timeout": 2000
    },
    {
      "uuid": "2401c07f-ad7e-45b2-868b-be75b9cbd93f",
      "title": "",
      "fullFile": "cypress/integration/Online-Portfolio/blog.js",
      "file": "cypress/integration/Online-Portfolio/blog.js",
      "beforeHooks": [],
      "afterHooks": [],
      "tests": [],
      "suites": [
        {
          "uuid": "8d461b83-a190-4af7-bf0f-e1e175847bd7",
          "title": "Portfolio Blog tests",
          "fullFile": "",
          "file": "",
          "beforeHooks": [],
          "afterHooks": [],
          "tests": [
            {
              "title": "Check that the user can go to the What a Product Owner Wants from a Junior Tester blog page",
              "fullTitle": "Portfolio Blog tests Check that the user can go to the What a Product Owner Wants from a Junior Tester blog page",
              "timedOut": null,
              "duration": 4960,
              "state": "passed",
              "speed": "slow",
              "pass": true,
              "fail": false,
              "pending": false,
              "context": null,
              "code": "cy.get('[data-cy=Product]').click();\ncy.url().should('include', '/what-a-product-owner-wants-from-a-junior-tester');\ncy.get('h1').as('title');\ncy.get('@title').contains('What a Product Owner Wants from a Junior Tester');\ncy.get('@title').should('be.visible');\ncy.percySnapshot('What a Product Owner Wants from a Junior Tester');",
              "err": {},
              "uuid": "548ccfc6-3b45-4701-936b-c2a9383a6775",
              "parentUUID": "8d461b83-a190-4af7-bf0f-e1e175847bd7",
              "isHook": false,
              "skipped": false
            },
            {
              "title": "Check that the user can go to the My Testing Story blog page",
              "fullTitle": "Portfolio Blog tests Check that the user can go to the My Testing Story blog page",
              "timedOut": null,
              "duration": 1730,
              "state": "passed",
              "speed": "slow",
              "pass": true,
              "fail": false,
              "pending": false,
              "context": null,
              "code": "cy.get('[data-cy=Story]').click();\ncy.url().should('include', '/my-testing-story');\ncy.get('h1').as('title');\ncy.get('@title').contains('My Testing Story');\ncy.get('@title').should('be.visible');\ncy.percySnapshot('My Testing Story');",
              "err": {},
              "uuid": "f1f3cd73-4490-492a-a2c9-f83374e98a2e",
              "parentUUID": "8d461b83-a190-4af7-bf0f-e1e175847bd7",
              "isHook": false,
              "skipped": false
            }
          ],
          "suites": [],
          "passes": [
            "548ccfc6-3b45-4701-936b-c2a9383a6775",
            "f1f3cd73-4490-492a-a2c9-f83374e98a2e"
          ],
          "failures": [],
          "pending": [],
          "skipped": [],
          "duration": 6690,
          "root": false,
          "rootEmpty": false,
          "_timeout": 2000
        }
      ],
      "passes": [],
      "failures": [],
      "pending": [],
      "skipped": [],
      "duration": 0,
      "root": true,
      "rootEmpty": true,
      "_timeout": 2000
    }
  ],
  "meta": {
    "mocha": {
      "version": "7.0.1"
    },
    "mochawesome": {
      "options": {
        "quiet": false,
        "reportFilename": "mochawesome",
        "saveHtml": false,
        "saveJson": true,
        "consoleReporter": "spec",
        "useInlineDiffs": false,
        "code": true
      },
      "version": "6.1.1"
    },
    "marge": {
      "options": {
        "reportDir": "cypress/results",
        "overwrite": false,
        "html": false,
        "json": true
      },
      "version": "5.1.0"
    }
  }
}