{
  "stats": {
    "suites": 1,
    "tests": 12,
    "passes": 12,
    "pending": 0,
    "failures": 0,
    "start": "2020-06-06T08:17:24.763Z",
    "end": "2020-06-06T08:17:40.904Z",
    "duration": 16141,
    "testsRegistered": 12,
    "passPercent": 100,
    "pendingPercent": 0,
    "other": 0,
    "hasOther": false,
    "skipped": 0,
    "hasSkipped": false
  },
  "results": [
    {
      "uuid": "c1078648-6001-42d3-a201-43f6c3a5b271",
      "title": "",
      "fullFile": "cypress/integration/Online-Portfolio/work.js",
      "file": "cypress/integration/Online-Portfolio/work.js",
      "beforeHooks": [],
      "afterHooks": [],
      "tests": [],
      "suites": [
        {
          "uuid": "c26a5219-8dcf-4c32-b724-bbff2b157ac3",
          "title": "Portfolio Work tests",
          "fullFile": "",
          "file": "",
          "beforeHooks": [],
          "afterHooks": [],
          "tests": [
            {
              "title": "Check that the user can go to the Qantas Insurance page",
              "fullTitle": "Portfolio Work tests Check that the user can go to the Qantas Insurance page",
              "timedOut": null,
              "duration": 788,
              "state": "passed",
              "speed": "slow",
              "pass": true,
              "fail": false,
              "pending": false,
              "context": null,
              "code": "cy.get('[data-cy=Qinsurance]').click();\ncy.url().should('include', '/qantasinsurance');\ncy.get('h1').as('title');\ncy.get('@title').contains('Qantas Insurance');\ncy.get('@title').should('be.visible');\ncy.percySnapshot('QInsurance');",
              "err": {},
              "uuid": "cad0fb03-bd1f-4668-8c19-05fa9f5ebd99",
              "parentUUID": "c26a5219-8dcf-4c32-b724-bbff2b157ac3",
              "isHook": false,
              "skipped": false
            },
            {
              "title": "Check that the user can go to the Qantas Airline page",
              "fullTitle": "Portfolio Work tests Check that the user can go to the Qantas Airline page",
              "timedOut": null,
              "duration": 289,
              "state": "passed",
              "speed": "slow",
              "pass": true,
              "fail": false,
              "pending": false,
              "context": null,
              "code": "cy.get('[data-cy=Qairline]').click();\ncy.url().should('include', '/qantasairline');\ncy.get('h1').as('title');\ncy.get('@title').contains('Qantas Airline');\ncy.get('@title').should('be.visible');\ncy.percySnapshot('QAirline');",
              "err": {},
              "uuid": "52816c60-839d-4e91-9232-0870c0f19201",
              "parentUUID": "c26a5219-8dcf-4c32-b724-bbff2b157ac3",
              "isHook": false,
              "skipped": false
            },
            {
              "title": "Check that the user can go to the Qantas Loyalty page",
              "fullTitle": "Portfolio Work tests Check that the user can go to the Qantas Loyalty page",
              "timedOut": null,
              "duration": 2613,
              "state": "passed",
              "speed": "slow",
              "pass": true,
              "fail": false,
              "pending": false,
              "context": null,
              "code": "cy.get('[data-cy=Qloyalty]').click();\ncy.url().should('include', '/qantasloyalty');\ncy.get('h1').as('title');\ncy.get('@title').contains('Qantas Loyalty');\ncy.get('@title').should('be.visible');\ncy.percySnapshot('QLoyalty');",
              "err": {},
              "uuid": "5e6e49c6-c575-4daf-9c60-c00dbd88e761",
              "parentUUID": "c26a5219-8dcf-4c32-b724-bbff2b157ac3",
              "isHook": false,
              "skipped": false
            },
            {
              "title": "Check that the user can go to the Lorica Health page",
              "fullTitle": "Portfolio Work tests Check that the user can go to the Lorica Health page",
              "timedOut": null,
              "duration": 332,
              "state": "passed",
              "speed": "slow",
              "pass": true,
              "fail": false,
              "pending": false,
              "context": null,
              "code": "cy.get('[data-cy=Lorica]').click();\ncy.url().should('include', '/lorica-health');\ncy.get('h1').as('title');\ncy.get('@title').contains('Lorica Health');\ncy.get('@title').should('be.visible');\ncy.percySnapshot('Lorica Health');",
              "err": {},
              "uuid": "6e8b3da3-491a-4541-ac18-343c839e669d",
              "parentUUID": "c26a5219-8dcf-4c32-b724-bbff2b157ac3",
              "isHook": false,
              "skipped": false
            },
            {
              "title": "Check that the user can go to the Suncorp page",
              "fullTitle": "Portfolio Work tests Check that the user can go to the Suncorp page",
              "timedOut": null,
              "duration": 289,
              "state": "passed",
              "speed": "slow",
              "pass": true,
              "fail": false,
              "pending": false,
              "context": null,
              "code": "cy.get('[data-cy=Suncorp]').click();\ncy.url().should('include', '/suncorp');\ncy.get('h1').as('title');\ncy.get('@title').contains('Suncorp');\ncy.get('@title').should('be.visible');\ncy.percySnapshot('Suncorp');",
              "err": {},
              "uuid": "c48cca8a-2125-48bc-93a5-623334c3a84c",
              "parentUUID": "c26a5219-8dcf-4c32-b724-bbff2b157ac3",
              "isHook": false,
              "skipped": false
            },
            {
              "title": "Check that the user can go to the Wired2Cloud page",
              "fullTitle": "Portfolio Work tests Check that the user can go to the Wired2Cloud page",
              "timedOut": null,
              "duration": 1835,
              "state": "passed",
              "speed": "slow",
              "pass": true,
              "fail": false,
              "pending": false,
              "context": null,
              "code": "cy.get('[data-cy=Wired2Cloud]').click();\ncy.url().should('include', '/wired2cloud');\ncy.get('h1').as('title');\ncy.get('@title').contains('Wired2Cloud');\ncy.get('@title').should('be.visible');\ncy.percySnapshot('Wired2Cloud');",
              "err": {},
              "uuid": "c30f4c16-9b8f-49d7-be94-e4598f0651d6",
              "parentUUID": "c26a5219-8dcf-4c32-b724-bbff2b157ac3",
              "isHook": false,
              "skipped": false
            },
            {
              "title": "Check that the user can go to the SIRC page",
              "fullTitle": "Portfolio Work tests Check that the user can go to the SIRC page",
              "timedOut": null,
              "duration": 1440,
              "state": "passed",
              "speed": "slow",
              "pass": true,
              "fail": false,
              "pending": false,
              "context": null,
              "code": "cy.get('[data-cy=SIRC]').click();\ncy.url().should('include', '/sirc');\ncy.get('h1').as('title');\ncy.get('@title').contains('SIRC');\ncy.get('@title').should('be.visible');\ncy.percySnapshot('SIRC');",
              "err": {},
              "uuid": "4df062aa-cac8-4749-bdc9-b86f9bf8a1df",
              "parentUUID": "c26a5219-8dcf-4c32-b724-bbff2b157ac3",
              "isHook": false,
              "skipped": false
            },
            {
              "title": "Check that the user can go to the Covata page",
              "fullTitle": "Portfolio Work tests Check that the user can go to the Covata page",
              "timedOut": null,
              "duration": 301,
              "state": "passed",
              "speed": "slow",
              "pass": true,
              "fail": false,
              "pending": false,
              "context": null,
              "code": "cy.get('[data-cy=Covata]').click();\ncy.url().should('include', '/covata');\ncy.get('h1').as('title');\ncy.get('@title').contains('Covata');\ncy.get('@title').should('be.visible');\ncy.percySnapshot('Covata');",
              "err": {},
              "uuid": "f9bf4abd-e67e-4be6-8465-13d79f5cf2bb",
              "parentUUID": "c26a5219-8dcf-4c32-b724-bbff2b157ac3",
              "isHook": false,
              "skipped": false
            },
            {
              "title": "Check that the user can go to the CareerVentures page",
              "fullTitle": "Portfolio Work tests Check that the user can go to the CareerVentures page",
              "timedOut": null,
              "duration": 1701,
              "state": "passed",
              "speed": "slow",
              "pass": true,
              "fail": false,
              "pending": false,
              "context": null,
              "code": "cy.get('[data-cy=CareerVentures]').click();\ncy.url().should('include', '/careerventures');\ncy.get('h1').as('title');\ncy.get('@title').contains('CareerVentures');\ncy.get('@title').should('be.visible');\ncy.percySnapshot('CareerVentures');",
              "err": {},
              "uuid": "b8752c47-8edd-42c9-b6d9-f0f54598cf21",
              "parentUUID": "c26a5219-8dcf-4c32-b724-bbff2b157ac3",
              "isHook": false,
              "skipped": false
            },
            {
              "title": "Check that the user can go to the AIE Rumble Academy page",
              "fullTitle": "Portfolio Work tests Check that the user can go to the AIE Rumble Academy page",
              "timedOut": null,
              "duration": 1431,
              "state": "passed",
              "speed": "slow",
              "pass": true,
              "fail": false,
              "pending": false,
              "context": null,
              "code": "cy.get('[data-cy=AIE]').click();\ncy.url().should('include', '/aie-rumble-academy');\ncy.get('h1').as('title');\ncy.get('@title').contains('AIE Rumble Academy');\ncy.get('@title').should('be.visible');\ncy.percySnapshot('AIE');",
              "err": {},
              "uuid": "e9b791f5-96ce-4279-acd1-b979cb0af319",
              "parentUUID": "c26a5219-8dcf-4c32-b724-bbff2b157ac3",
              "isHook": false,
              "skipped": false
            },
            {
              "title": "Check that the user can go to the Kartel Digital page",
              "fullTitle": "Portfolio Work tests Check that the user can go to the Kartel Digital page",
              "timedOut": null,
              "duration": 1971,
              "state": "passed",
              "speed": "slow",
              "pass": true,
              "fail": false,
              "pending": false,
              "context": null,
              "code": "cy.get('[data-cy=Kartel]').click();\ncy.url().should('include', '/kartel-digital');\ncy.get('h1').as('title');\ncy.get('@title').contains('Kartel Digital');\ncy.get('@title').should('be.visible');\ncy.percySnapshot('Kartel Digital');",
              "err": {},
              "uuid": "f3cf5cb1-345f-467a-a114-c295f16bcffb",
              "parentUUID": "c26a5219-8dcf-4c32-b724-bbff2b157ac3",
              "isHook": false,
              "skipped": false
            },
            {
              "title": "Check that the user can go to the Play2Lead page",
              "fullTitle": "Portfolio Work tests Check that the user can go to the Play2Lead page",
              "timedOut": null,
              "duration": 3064,
              "state": "passed",
              "speed": "slow",
              "pass": true,
              "fail": false,
              "pending": false,
              "context": null,
              "code": "cy.get('[data-cy=Play2Lead]').click();\ncy.url().should('include', '/play2lead');\ncy.get('h1').as('title');\ncy.get('@title').contains('Play2Lead');\ncy.get('@title').should('be.visible');\ncy.percySnapshot('Play2Lead');",
              "err": {},
              "uuid": "034a4a91-3993-4442-b0dd-8ef31af7bcb1",
              "parentUUID": "c26a5219-8dcf-4c32-b724-bbff2b157ac3",
              "isHook": false,
              "skipped": false
            }
          ],
          "suites": [],
          "passes": [
            "cad0fb03-bd1f-4668-8c19-05fa9f5ebd99",
            "52816c60-839d-4e91-9232-0870c0f19201",
            "5e6e49c6-c575-4daf-9c60-c00dbd88e761",
            "6e8b3da3-491a-4541-ac18-343c839e669d",
            "c48cca8a-2125-48bc-93a5-623334c3a84c",
            "c30f4c16-9b8f-49d7-be94-e4598f0651d6",
            "4df062aa-cac8-4749-bdc9-b86f9bf8a1df",
            "f9bf4abd-e67e-4be6-8465-13d79f5cf2bb",
            "b8752c47-8edd-42c9-b6d9-f0f54598cf21",
            "e9b791f5-96ce-4279-acd1-b979cb0af319",
            "f3cf5cb1-345f-467a-a114-c295f16bcffb",
            "034a4a91-3993-4442-b0dd-8ef31af7bcb1"
          ],
          "failures": [],
          "pending": [],
          "skipped": [],
          "duration": 16054,
          "root": false,
          "rootEmpty": false,
          "_timeout": 2000
        }
      ],
      "passes": [],
      "failures": [],
      "pending": [],
      "skipped": [],
      "duration": 0,
      "root": true,
      "rootEmpty": true,
      "_timeout": 2000
    }
  ],
  "meta": {
    "mocha": {
      "version": "7.0.1"
    },
    "mochawesome": {
      "options": {
        "quiet": false,
        "reportFilename": "mochawesome",
        "saveHtml": true,
        "saveJson": true,
        "consoleReporter": "spec",
        "useInlineDiffs": false,
        "code": true
      },
      "version": "6.1.1"
    },
    "marge": {
      "options": {},
      "version": "5.1.0"
    }
  }
}